#
# There is insufficient memory for the Java Runtime Environment to continue.
# Native memory allocation (malloc) failed to allocate 32744 bytes for ChunkPool::allocate
# Possible reasons:
#   The system is out of physical RAM or swap space
#   The process is running with CompressedOops enabled, and the Java Heap may be blocking the growth of the native heap
# Possible solutions:
#   Reduce memory load on the system
#   Increase physical memory or swap space
#   Check if swap backing store is full
#   Decrease Java heap size (-Xmx/-Xms)
#   Decrease number of Java threads
#   Decrease Java thread stack sizes (-Xss)
#   Set larger code cache with -XX:ReservedCodeCacheSize=
#   JVM is running with Unscaled Compressed Oops mode in which the Java heap is
#     placed in the first 4GB address space. The Java Heap base address is the
#     maximum limit for the native heap growth. Please use -XX:HeapBaseMinAddress
#     to set the Java Heap base and to place the Java Heap above 4GB virtual address.
# This output file may be truncated or incomplete.
#
#  Out of Memory Error (allocation.cpp:272), pid=3272, tid=0x0000000000001368
#
# JRE version: OpenJDK Runtime Environment (8.0_242-b01) (build 1.8.0_242-release-1644-b01)
# Java VM: OpenJDK 64-Bit Server VM (25.242-b01 mixed mode windows-amd64 compressed oops)
# Failed to write core dump. Minidumps are not enabled by default on client versions of Windows
#

---------------  T H R E A D  ---------------

Current thread (0x000000001764c000):  JavaThread "C2 CompilerThread1" daemon [_thread_in_native, id=4968, stack(0x0000000019e30000,0x0000000019f30000)]

Stack: [0x0000000019e30000,0x0000000019f30000]
[error occurred during error reporting (printing stack bounds), id 0xc0000005]

Native frames: (J=compiled Java code, j=interpreted, Vv=VM code, C=native code)


Current CompileTask:
C2:   6557 5032   !   4       com.sun.beans.TypeResolver::resolve (274 bytes)


---------------  P R O C E S S  ---------------

Java Threads: ( => current thread )
  0x000000001e7ca000 JavaThread "Cache worker for file content cache (C:\Users\Thuy\AndroidStudioProjects\MyFriends\.gradle\6.5\fileContent)" [_thread_blocked, id=7056, stack(0x000000002b890000,0x000000002b990000)]
  0x000000001eb86800 JavaThread "Memory manager" [_thread_blocked, id=15812, stack(0x000000002a6a0000,0x000000002a7a0000)]
  0x000000001eb86000 JavaThread "Cache worker for Build Output Cleanup Cache (C:\Users\Thuy\AndroidStudioProjects\MyFriends\.gradle\buildOutputCleanup)" [_thread_blocked, id=11664, stack(0x000000002a130000,0x000000002a230000)]
  0x000000001eb85000 JavaThread "jar transforms Thread 92" [_thread_blocked, id=16188, stack(0x000000002a030000,0x000000002a130000)]
  0x000000001eb89000 JavaThread "jar transforms Thread 91" [_thread_blocked, id=19932, stack(0x0000000029f30000,0x000000002a030000)]
  0x000000001eb84800 JavaThread "jar transforms Thread 90" [_thread_blocked, id=10884, stack(0x0000000029e30000,0x0000000029f30000)]
  0x000000001eb87800 JavaThread "jar transforms Thread 89" [_thread_blocked, id=14656, stack(0x0000000029d30000,0x0000000029e30000)]
  0x000000001eb7d800 JavaThread "jar transforms Thread 88" [_thread_blocked, id=20448, stack(0x0000000029c30000,0x0000000029d30000)]
  0x000000001eb7d000 JavaThread "jar transforms Thread 87" [_thread_blocked, id=1264, stack(0x0000000029b30000,0x0000000029c30000)]
  0x000000001eb83800 JavaThread "jar transforms Thread 86" [_thread_blocked, id=11568, stack(0x0000000029a30000,0x0000000029b30000)]
  0x000000001eb7c000 JavaThread "jar transforms Thread 85" [_thread_blocked, id=12620, stack(0x0000000029930000,0x0000000029a30000)]
  0x000000001eb83000 JavaThread "jar transforms Thread 84" [_thread_blocked, id=19316, stack(0x0000000029830000,0x0000000029930000)]
  0x000000001eb7b800 JavaThread "jar transforms Thread 83" [_thread_blocked, id=16328, stack(0x0000000029730000,0x0000000029830000)]
  0x000000001eb82000 JavaThread "jar transforms Thread 82" [_thread_blocked, id=18508, stack(0x0000000029630000,0x0000000029730000)]
  0x000000001eb81800 JavaThread "jar transforms Thread 81" [_thread_blocked, id=15588, stack(0x0000000029530000,0x0000000029630000)]
  0x000000001eb7a800 JavaThread "jar transforms Thread 80" [_thread_blocked, id=9752, stack(0x0000000029430000,0x0000000029530000)]
  0x000000001eb7a000 JavaThread "jar transforms Thread 79" [_thread_blocked, id=10164, stack(0x0000000029330000,0x0000000029430000)]
  0x000000001eb80800 JavaThread "jar transforms Thread 78" [_thread_blocked, id=11496, stack(0x0000000029230000,0x0000000029330000)]
  0x000000001eb80000 JavaThread "jar transforms Thread 77" [_thread_blocked, id=16964, stack(0x0000000029130000,0x0000000029230000)]
  0x000000001eb7e800 JavaThread "jar transforms Thread 76" [_thread_blocked, id=13808, stack(0x0000000029030000,0x0000000029130000)]
  0x000000001eb7f000 JavaThread "jar transforms Thread 75" [_thread_blocked, id=20084, stack(0x0000000028f30000,0x0000000029030000)]
  0x000000001c654000 JavaThread "jar transforms Thread 74" [_thread_blocked, id=9040, stack(0x0000000028e30000,0x0000000028f30000)]
  0x000000001c655800 JavaThread "jar transforms Thread 73" [_thread_blocked, id=8428, stack(0x0000000028d30000,0x0000000028e30000)]
  0x000000001c657000 JavaThread "jar transforms Thread 72" [_thread_blocked, id=14272, stack(0x0000000028c30000,0x0000000028d30000)]
  0x000000001c659800 JavaThread "jar transforms Thread 71" [_thread_blocked, id=18872, stack(0x0000000028b30000,0x0000000028c30000)]
  0x000000001c652000 JavaThread "jar transforms Thread 70" [_thread_blocked, id=17292, stack(0x0000000028a30000,0x0000000028b30000)]
  0x000000001c655000 JavaThread "jar transforms Thread 69" [_thread_blocked, id=15944, stack(0x0000000028930000,0x0000000028a30000)]
  0x000000001c658000 JavaThread "jar transforms Thread 68" [_thread_blocked, id=17356, stack(0x0000000028830000,0x0000000028930000)]
  0x000000001c652800 JavaThread "jar transforms Thread 67" [_thread_blocked, id=6400, stack(0x0000000028730000,0x0000000028830000)]
  0x000000001c656800 JavaThread "jar transforms Thread 66" [_thread_blocked, id=14620, stack(0x0000000028630000,0x0000000028730000)]
  0x000000001c653800 JavaThread "jar transforms Thread 65" [_thread_blocked, id=9140, stack(0x0000000028530000,0x0000000028630000)]
  0x000000001c658800 JavaThread "jar transforms Thread 64" [_thread_blocked, id=19708, stack(0x0000000028430000,0x0000000028530000)]
  0x000000001c64a000 JavaThread "jar transforms Thread 63" [_thread_blocked, id=1620, stack(0x0000000028330000,0x0000000028430000)]
  0x000000001c64d000 JavaThread "jar transforms Thread 62" [_thread_blocked, id=13568, stack(0x0000000028230000,0x0000000028330000)]
  0x000000001c64f000 JavaThread "jar transforms Thread 61" [_thread_blocked, id=18756, stack(0x0000000028130000,0x0000000028230000)]
  0x000000001c64b800 JavaThread "jar transforms Thread 60" [_thread_blocked, id=16200, stack(0x0000000028030000,0x0000000028130000)]
  0x000000001c650800 JavaThread "jar transforms Thread 59" [_thread_blocked, id=16080, stack(0x0000000027f30000,0x0000000028030000)]
  0x000000001c64f800 JavaThread "jar transforms Thread 58" [_thread_blocked, id=19356, stack(0x0000000027e30000,0x0000000027f30000)]
  0x000000001c64e000 JavaThread "jar transforms Thread 57" [_thread_blocked, id=12932, stack(0x0000000027d30000,0x0000000027e30000)]
  0x000000001c64b000 JavaThread "jar transforms Thread 56" [_thread_blocked, id=19608, stack(0x0000000027c30000,0x0000000027d30000)]
  0x000000001c651000 JavaThread "jar transforms Thread 55" [_thread_blocked, id=14340, stack(0x0000000027b30000,0x0000000027c30000)]
  0x000000001c64c800 JavaThread "jar transforms Thread 54" [_thread_blocked, id=16808, stack(0x0000000027a30000,0x0000000027b30000)]
  0x0000000021d05800 JavaThread "jar transforms Thread 53" [_thread_blocked, id=10716, stack(0x0000000027930000,0x0000000027a30000)]
  0x0000000021d02800 JavaThread "jar transforms Thread 52" [_thread_blocked, id=5052, stack(0x0000000027830000,0x0000000027930000)]
  0x0000000021cfe000 JavaThread "jar transforms Thread 51" [_thread_blocked, id=12712, stack(0x0000000027730000,0x0000000027830000)]
  0x0000000021cfe800 JavaThread "jar transforms Thread 50" [_thread_blocked, id=11788, stack(0x0000000027630000,0x0000000027730000)]
  0x0000000021d04800 JavaThread "jar transforms Thread 49" [_thread_blocked, id=4736, stack(0x0000000027530000,0x0000000027630000)]
  0x0000000021d04000 JavaThread "jar transforms Thread 48" [_thread_blocked, id=15748, stack(0x0000000027430000,0x0000000027530000)]
  0x0000000021d01800 JavaThread "jar transforms Thread 47" [_thread_blocked, id=19092, stack(0x0000000027330000,0x0000000027430000)]
  0x0000000021d03000 JavaThread "jar transforms Thread 46" [_thread_blocked, id=11448, stack(0x0000000027230000,0x0000000027330000)]
  0x0000000021d01000 JavaThread "jar transforms Thread 45" [_thread_blocked, id=14604, stack(0x0000000027130000,0x0000000027230000)]
  0x0000000021d00000 JavaThread "jar transforms Thread 44" [_thread_blocked, id=13876, stack(0x0000000027030000,0x0000000027130000)]
  0x0000000021cff800 JavaThread "jar transforms Thread 43" [_thread_blocked, id=19944, stack(0x0000000026f30000,0x0000000027030000)]
  0x0000000021cf6800 JavaThread "jar transforms Thread 42" [_thread_blocked, id=20312, stack(0x0000000026e30000,0x0000000026f30000)]
  0x0000000021cf8800 JavaThread "jar transforms Thread 41" [_thread_blocked, id=19508, stack(0x0000000026d30000,0x0000000026e30000)]
  0x0000000021cf8000 JavaThread "jar transforms Thread 40" [_thread_blocked, id=9560, stack(0x0000000026c30000,0x0000000026d30000)]
  0x0000000021cfd000 JavaThread "jar transforms Thread 39" [_thread_blocked, id=16628, stack(0x0000000026b30000,0x0000000026c30000)]
  0x0000000021cfc800 JavaThread "jar transforms Thread 38" [_thread_blocked, id=11688, stack(0x0000000026a30000,0x0000000026b30000)]
  0x0000000021cfa000 JavaThread "jar transforms Thread 37" [_thread_blocked, id=12100, stack(0x0000000026930000,0x0000000026a30000)]
  0x0000000021cf9800 JavaThread "jar transforms Thread 36" [_thread_blocked, id=6852, stack(0x0000000026830000,0x0000000026930000)]
  0x0000000021cfb800 JavaThread "jar transforms Thread 35" [_thread_blocked, id=19328, stack(0x0000000026730000,0x0000000026830000)]
  0x0000000021cfb000 JavaThread "jar transforms Thread 34" [_thread_blocked, id=16944, stack(0x0000000026630000,0x0000000026730000)]
  0x0000000021cf7000 JavaThread "jar transforms Thread 33" [_thread_blocked, id=5780, stack(0x0000000026530000,0x0000000026630000)]
  0x0000000022ca5800 JavaThread "jar transforms Thread 32" [_thread_blocked, id=12412, stack(0x0000000026430000,0x0000000026530000)]
  0x0000000022ca3000 JavaThread "jar transforms Thread 31" [_thread_blocked, id=11424, stack(0x0000000026330000,0x0000000026430000)]
  0x0000000022ca2800 JavaThread "jar transforms Thread 30" [_thread_blocked, id=19520, stack(0x0000000026230000,0x0000000026330000)]
  0x0000000022ca4800 JavaThread "jar transforms Thread 29" [_thread_blocked, id=11084, stack(0x0000000026130000,0x0000000026230000)]
  0x0000000022ca1800 JavaThread "jar transforms Thread 28" [_thread_blocked, id=5816, stack(0x0000000026030000,0x0000000026130000)]
  0x0000000022ca6000 JavaThread "jar transforms Thread 27" [_thread_blocked, id=8276, stack(0x0000000025f30000,0x0000000026030000)]
  0x0000000022ca7000 JavaThread "jar transforms Thread 26" [_thread_blocked, id=14092, stack(0x0000000025e30000,0x0000000025f30000)]
  0x0000000022ca1000 JavaThread "jar transforms Thread 25" [_thread_blocked, id=10832, stack(0x0000000025d30000,0x0000000025e30000)]
  0x0000000022ca4000 JavaThread "jar transforms Thread 24" [_thread_blocked, id=16136, stack(0x0000000025c30000,0x0000000025d30000)]
  0x0000000022c9a000 JavaThread "jar transforms Thread 23" [_thread_blocked, id=16460, stack(0x0000000025b30000,0x0000000025c30000)]
  0x0000000022ca0000 JavaThread "jar transforms Thread 22" [_thread_blocked, id=3820, stack(0x0000000025a30000,0x0000000025b30000)]
  0x0000000022c98800 JavaThread "jar transforms Thread 21" [_thread_blocked, id=11852, stack(0x0000000025930000,0x0000000025a30000)]
  0x0000000022c99800 JavaThread "jar transforms Thread 20" [_thread_blocked, id=7272, stack(0x0000000025830000,0x0000000025930000)]
  0x0000000022c9f800 JavaThread "jar transforms Thread 19" [_thread_blocked, id=14236, stack(0x0000000025730000,0x0000000025830000)]
  0x0000000022c9e800 JavaThread "jar transforms Thread 18" [_thread_blocked, id=7548, stack(0x0000000025630000,0x0000000025730000)]
  0x0000000022c9c800 JavaThread "jar transforms Thread 17" [_thread_blocked, id=19712, stack(0x0000000025530000,0x0000000025630000)]
  0x0000000022c9e000 JavaThread "jar transforms Thread 16" [_thread_blocked, id=15932, stack(0x0000000025430000,0x0000000025530000)]
  0x0000000022c9b000 JavaThread "jar transforms Thread 15" [_thread_blocked, id=17548, stack(0x0000000025330000,0x0000000025430000)]
  0x0000000022c98000 JavaThread "jar transforms Thread 14" [_thread_blocked, id=7564, stack(0x0000000025230000,0x0000000025330000)]
  0x0000000022c9d000 JavaThread "jar transforms Thread 13" [_thread_blocked, id=11512, stack(0x0000000025130000,0x0000000025230000)]
  0x0000000022c9b800 JavaThread "jar transforms Thread 12" [_thread_blocked, id=9516, stack(0x0000000025030000,0x0000000025130000)]
  0x0000000021adc800 JavaThread "jar transforms Thread 11" [_thread_blocked, id=8316, stack(0x0000000024f30000,0x0000000025030000)]
  0x0000000021adb800 JavaThread "jar transforms Thread 10" [_thread_blocked, id=20276, stack(0x0000000024e30000,0x0000000024f30000)]
  0x0000000021adb000 JavaThread "jar transforms Thread 9" [_thread_blocked, id=1224, stack(0x0000000024d30000,0x0000000024e30000)]
  0x0000000021ada000 JavaThread "jar transforms Thread 8" [_thread_blocked, id=10252, stack(0x0000000024c30000,0x0000000024d30000)]
  0x0000000021ad9800 JavaThread "jar transforms Thread 7" [_thread_blocked, id=14040, stack(0x0000000024b30000,0x0000000024c30000)]
  0x0000000021ad3800 JavaThread "jar transforms Thread 6" [_thread_blocked, id=15568, stack(0x0000000024a30000,0x0000000024b30000)]
  0x0000000021ad2000 JavaThread "jar transforms Thread 5" [_thread_blocked, id=15420, stack(0x0000000024930000,0x0000000024a30000)]
  0x0000000021ad8800 JavaThread "jar transforms Thread 4" [_thread_blocked, id=6968, stack(0x0000000024830000,0x0000000024930000)]
  0x0000000021ad1000 JavaThread "jar transforms Thread 3" [_thread_blocked, id=18908, stack(0x0000000024730000,0x0000000024830000)]
  0x0000000021ad8000 JavaThread "jar transforms Thread 2" [_thread_blocked, id=19368, stack(0x0000000024630000,0x0000000024730000)]
  0x0000000021ad0800 JavaThread "Build operations Thread 8" [_thread_blocked, id=18880, stack(0x0000000024430000,0x0000000024530000)]
  0x0000000021ad7000 JavaThread "Build operations Thread 7" [_thread_blocked, id=4392, stack(0x0000000024330000,0x0000000024430000)]
  0x0000000021ad6800 JavaThread "Build operations Thread 6" [_thread_blocked, id=19124, stack(0x0000000024230000,0x0000000024330000)]
  0x0000000021ad5800 JavaThread "Build operations Thread 5" [_thread_blocked, id=11192, stack(0x0000000024130000,0x0000000024230000)]
  0x0000000021ad5000 JavaThread "Build operations Thread 4" [_thread_blocked, id=1792, stack(0x0000000024030000,0x0000000024130000)]
  0x0000000021acd800 JavaThread "Build operations Thread 3" [_thread_blocked, id=16208, stack(0x0000000023f30000,0x0000000024030000)]
  0x0000000021acf000 JavaThread "Build operations Thread 2" [_thread_blocked, id=17180, stack(0x0000000023e30000,0x0000000023f30000)]
  0x0000000021ad2800 JavaThread "Build operations" [_thread_blocked, id=9200, stack(0x0000000023d30000,0x0000000023e30000)]
  0x000000001bdc3800 JavaThread "Cache worker for file content cache (C:\Users\Thuy\.gradle\caches\6.5\fileContent)" [_thread_blocked, id=15372, stack(0x0000000022660000,0x0000000022760000)]
  0x000000001bdc3000 JavaThread "jar transforms" [_thread_blocked, id=16844, stack(0x0000000022560000,0x0000000022660000)]
  0x000000001bdc2000 JavaThread "Cache worker for execution history cache (C:\Users\Thuy\.gradle\caches\6.5\executionHistory)" [_thread_blocked, id=4276, stack(0x0000000020a10000,0x0000000020b10000)]
  0x000000001bdc0800 JavaThread "Cache worker for cache directory md-rule (C:\Users\Thuy\.gradle\caches\6.5\md-rule)" [_thread_blocked, id=13784, stack(0x0000000020910000,0x0000000020a10000)]
  0x000000001bdbe800 JavaThread "Cache worker for cache directory md-supplier (C:\Users\Thuy\.gradle\caches\6.5\md-supplier)" [_thread_blocked, id=8644, stack(0x0000000020810000,0x0000000020910000)]
  0x000000001bdc0000 JavaThread "Cache worker for checksums cache (C:\Users\Thuy\AndroidStudioProjects\MyFriends\.gradle\checksums)" [_thread_blocked, id=9196, stack(0x0000000020710000,0x0000000020810000)]
  0x000000001bdc1800 JavaThread "Cache worker for file hash cache (C:\Users\Thuy\AndroidStudioProjects\MyFriends\.gradle\6.5\fileHashes)" [_thread_blocked, id=7724, stack(0x000000001f620000,0x000000001f720000)]
  0x000000001bdbd800 JavaThread "Cache worker for file hash cache (C:\Users\Thuy\.gradle\caches\6.5\fileHashes)" [_thread_blocked, id=13488, stack(0x000000001e350000,0x000000001e450000)]
  0x000000001bdbf000 JavaThread "File lock request listener" [_thread_in_native, id=16140, stack(0x000000001e250000,0x000000001e350000)]
  0x000000001b678800 JavaThread "Cache worker for journal cache (C:\Users\Thuy\.gradle\caches\journal-1)" [_thread_blocked, id=11808, stack(0x000000001e150000,0x000000001e250000)]
  0x000000001bddc000 JavaThread "Thread-9" [_thread_blocked, id=15320, stack(0x000000001de50000,0x000000001df50000)]
  0x000000001b47b000 JavaThread "Stdin handler" [_thread_blocked, id=15852, stack(0x000000001dd50000,0x000000001de50000)]
  0x000000001b47a000 JavaThread "Asynchronous log dispatcher for DefaultDaemonConnection: socket connection from /127.0.0.1:63802 to /127.0.0.1:63803" [_thread_blocked, id=9984, stack(0x000000001dc50000,0x000000001dd50000)]
  0x000000001be06000 JavaThread "Daemon worker" [_thread_blocked, id=3752, stack(0x000000001db50000,0x000000001dc50000)]
  0x000000001bd8d800 JavaThread "Cancel handler" [_thread_blocked, id=18228, stack(0x000000001da50000,0x000000001db50000)]
  0x000000001bd90800 JavaThread "Handler for socket connection from /127.0.0.1:63802 to /127.0.0.1:63803" [_thread_in_native, id=9436, stack(0x000000001d950000,0x000000001da50000)]
  0x000000001bd93800 JavaThread "Daemon" [_thread_blocked, id=8984, stack(0x000000001d850000,0x000000001d950000)]
  0x000000001bd94800 JavaThread "Daemon periodic checks" [_thread_blocked, id=15460, stack(0x000000001d550000,0x000000001d650000)]
  0x000000001bd28800 JavaThread "Incoming local TCP Connector on port 63802" [_thread_in_native, id=3736, stack(0x000000001d310000,0x000000001d410000)]
  0x000000001a442800 JavaThread "Daemon health stats" [_thread_blocked, id=5540, stack(0x000000001ccd0000,0x000000001cdd0000)]
  0x00000000194a8800 JavaThread "Service Thread" daemon [_thread_blocked, id=3836, stack(0x000000001a130000,0x000000001a230000)]
  0x000000001946d800 JavaThread "C1 CompilerThread3" daemon [_thread_blocked, id=15796, stack(0x000000001a030000,0x000000001a130000)]
  0x000000001764e000 JavaThread "C2 CompilerThread2" daemon [_thread_blocked, id=11196, stack(0x0000000019f30000,0x000000001a030000)]
=>0x000000001764c000 JavaThread "C2 CompilerThread1" daemon [_thread_in_native, id=4968, stack(0x0000000019e30000,0x0000000019f30000)]
  0x0000000017649000 JavaThread "C2 CompilerThread0" daemon [_thread_in_native, id=13616, stack(0x0000000019d30000,0x0000000019e30000)]
  0x0000000019463000 JavaThread "Attach Listener" daemon [_thread_blocked, id=19872, stack(0x0000000019c30000,0x0000000019d30000)]
  0x0000000019460000 JavaThread "Signal Dispatcher" daemon [_thread_blocked, id=15524, stack(0x0000000019b30000,0x0000000019c30000)]
  0x0000000019451800 JavaThread "Finalizer" daemon [_thread_blocked, id=14688, stack(0x0000000019930000,0x0000000019a30000)]
  0x0000000019450800 JavaThread "Reference Handler" daemon [_thread_blocked, id=20088, stack(0x0000000019830000,0x0000000019930000)]
  0x00000000024ce000 JavaThread "main" [_thread_blocked, id=12352, stack(0x00000000023a0000,0x00000000024a0000)]

Other Threads:
  0x0000000017638000 VMThread [stack: 0x0000000019330000,0x0000000019430000] [id=19372]
  0x00000000194a9800 WatcherThread [stack: 0x000000001a230000,0x000000001a330000] [id=1064]

VM state:at safepoint (normal execution)

VM Mutex/Monitor currently owned by a thread:  ([mutex/lock_event])
[0x00000000024cd1c0] Threads_lock - owner thread: 0x0000000017638000
[0x00000000024cccc0] Heap_lock - owner thread: 0x000000001be06000

heap address: 0x0000000080000000, size: 2048 MB, Compressed Oops mode: 32-bit
Narrow klass base: 0x0000000000000000, Narrow klass shift: 3
Compressed class space size: 1073741824 Address: 0x0000000100000000

Heap:
 PSYoungGen      total 200704K, used 960K [0x00000000d5580000, 0x00000000e6380000, 0x0000000100000000)
  eden space 180224K, 0% used [0x00000000d5580000,0x00000000d5580000,0x00000000e0580000)
  from space 20480K, 4% used [0x00000000e4f80000,0x00000000e5070000,0x00000000e6380000)
  to   space 13312K, 0% used [0x00000000e0580000,0x00000000e0580000,0x00000000e1280000)
 ParOldGen       total 71680K, used 42348K [0x0000000080000000, 0x0000000084600000, 0x00000000d5580000)
  object space 71680K, 59% used [0x0000000080000000,0x000000008295b048,0x0000000084600000)
 Metaspace       used 56723K, capacity 59064K, committed 59160K, reserved 1099776K
  class space    used 7757K, capacity 8211K, committed 8240K, reserved 1048576K

Card table byte_map: [0x0000000011990000,0x0000000011da0000] byte_map_base: 0x0000000011590000

Marking Bits: (ParMarkBitMap*) 0x0000000054b2f030
 Begin Bits: [0x0000000012850000, 0x0000000014850000)
 End Bits:   [0x0000000014850000, 0x0000000016850000)

Polling page: 0x00000000005b0000

CodeCache: size=245760Kb used=15318Kb max_used=17369Kb free=230441Kb
 bounds [0x00000000025d0000, 0x00000000036e0000, 0x00000000115d0000]
 total_blobs=5396 nmethods=4624 adapters=684
 compilation: enabled

Compilation events (10 events):
Event: 6.442 Thread 0x000000001946d800 5161       3       sun.reflect.AccessorGenerator::add (5 bytes)
Event: 6.442 Thread 0x000000001946d800 nmethod 5161 0x0000000002a11050 code [0x0000000002a111a0, 0x0000000002a112f0]
Event: 6.444 Thread 0x000000001946d800 5162       1       java.io.ObjectStreamClass$FieldReflectorKey::hashCode (5 bytes)
Event: 6.444 Thread 0x000000001946d800 nmethod 5162 0x0000000002a526d0 code [0x0000000002a52820, 0x0000000002a52930]
Event: 6.446 Thread 0x000000001946d800 5163       3       java.io.ObjectStreamField::setOffset (6 bytes)
Event: 6.446 Thread 0x000000001946d800 nmethod 5163 0x0000000002a89410 code [0x0000000002a89560, 0x0000000002a896b0]
Event: 6.463 Thread 0x000000001946d800 5164       3       org.gradle.internal.classloader.FilteringClassLoader::getPackage (22 bytes)
Event: 6.463 Thread 0x000000001946d800 nmethod 5164 0x00000000026f9f10 code [0x00000000026fa080, 0x00000000026fa2d8]
Event: 6.466 Thread 0x000000001946d800 5165       3       sun.reflect.annotation.AnnotationInvocationHandler::cloneArray (170 bytes)
Event: 6.468 Thread 0x000000001946d800 nmethod 5165 0x00000000029d4010 code [0x00000000029d42a0, 0x00000000029d5608]

GC Heap History (10 events):
Event: 3.576 GC heap after
Heap after GC invocations=10 (full 1):
 PSYoungGen      total 139776K, used 11170K [0x00000000d5580000, 0x00000000e2200000, 0x0000000100000000)
  eden space 128000K, 0% used [0x00000000d5580000,0x00000000d5580000,0x00000000dd280000)
  from space 11776K, 94% used [0x00000000dd280000,0x00000000ddd688b8,0x00000000dde00000)
  to   space 12800K, 0% used [0x00000000e1580000,0x00000000e1580000,0x00000000e2200000)
 ParOldGen       total 48128K, used 6650K [0x0000000080000000, 0x0000000082f00000, 0x00000000d5580000)
  object space 48128K, 13% used [0x0000000080000000,0x000000008067e848,0x0000000082f00000)
 Metaspace       used 34346K, capacity 35404K, committed 35496K, reserved 1079296K
  class space    used 4734K, capacity 5003K, committed 5040K, reserved 1048576K
}
Event: 3.576 GC heap before
{Heap before GC invocations=11 (full 2):
 PSYoungGen      total 139776K, used 11170K [0x00000000d5580000, 0x00000000e2200000, 0x0000000100000000)
  eden space 128000K, 0% used [0x00000000d5580000,0x00000000d5580000,0x00000000dd280000)
  from space 11776K, 94% used [0x00000000dd280000,0x00000000ddd688b8,0x00000000dde00000)
  to   space 12800K, 0% used [0x00000000e1580000,0x00000000e1580000,0x00000000e2200000)
 ParOldGen       total 48128K, used 6650K [0x0000000080000000, 0x0000000082f00000, 0x00000000d5580000)
  object space 48128K, 13% used [0x0000000080000000,0x000000008067e848,0x0000000082f00000)
 Metaspace       used 34346K, capacity 35404K, committed 35496K, reserved 1079296K
  class space    used 4734K, capacity 5003K, committed 5040K, reserved 1048576K
Event: 3.641 GC heap after
Heap after GC invocations=11 (full 2):
 PSYoungGen      total 139776K, used 0K [0x00000000d5580000, 0x00000000e2200000, 0x0000000100000000)
  eden space 128000K, 0% used [0x00000000d5580000,0x00000000d5580000,0x00000000dd280000)
  from space 11776K, 0% used [0x00000000dd280000,0x00000000dd280000,0x00000000dde00000)
  to   space 12800K, 0% used [0x00000000e1580000,0x00000000e1580000,0x00000000e2200000)
 ParOldGen       total 71680K, used 17258K [0x0000000080000000, 0x0000000084600000, 0x00000000d5580000)
  object space 71680K, 24% used [0x0000000080000000,0x00000000810da888,0x0000000084600000)
 Metaspace       used 34346K, capacity 35404K, committed 35496K, reserved 1079296K
  class space    used 4734K, capacity 5003K, committed 5040K, reserved 1048576K
}
Event: 4.555 GC heap before
{Heap before GC invocations=12 (full 2):
 PSYoungGen      total 139776K, used 128000K [0x00000000d5580000, 0x00000000e2200000, 0x0000000100000000)
  eden space 128000K, 100% used [0x00000000d5580000,0x00000000dd280000,0x00000000dd280000)
  from space 11776K, 0% used [0x00000000dd280000,0x00000000dd280000,0x00000000dde00000)
  to   space 12800K, 0% used [0x00000000e1580000,0x00000000e1580000,0x00000000e2200000)
 ParOldGen       total 71680K, used 17258K [0x0000000080000000, 0x0000000084600000, 0x00000000d5580000)
  object space 71680K, 24% used [0x0000000080000000,0x00000000810da888,0x0000000084600000)
 Metaspace       used 39915K, capacity 41716K, committed 41768K, reserved 1085440K
  class space    used 5514K, capacity 5916K, committed 5936K, reserved 1048576K
Event: 4.564 GC heap after
Heap after GC invocations=12 (full 2):
 PSYoungGen      total 185344K, used 10009K [0x00000000d5580000, 0x00000000e1f80000, 0x0000000100000000)
  eden space 175104K, 0% used [0x00000000d5580000,0x00000000d5580000,0x00000000e0080000)
  from space 10240K, 97% used [0x00000000e1580000,0x00000000e1f46748,0x00000000e1f80000)
  to   space 13312K, 0% used [0x00000000e0580000,0x00000000e0580000,0x00000000e1280000)
 ParOldGen       total 71680K, used 17266K [0x0000000080000000, 0x0000000084600000, 0x00000000d5580000)
  object space 71680K, 24% used [0x0000000080000000,0x00000000810dc888,0x0000000084600000)
 Metaspace       used 39915K, capacity 41716K, committed 41768K, reserved 1085440K
  class space    used 5514K, capacity 5916K, committed 5936K, reserved 1048576K
}
Event: 6.357 GC heap before
{Heap before GC invocations=13 (full 2):
 PSYoungGen      total 185344K, used 185113K [0x00000000d5580000, 0x00000000e1f80000, 0x0000000100000000)
  eden space 175104K, 100% used [0x00000000d5580000,0x00000000e0080000,0x00000000e0080000)
  from space 10240K, 97% used [0x00000000e1580000,0x00000000e1f46748,0x00000000e1f80000)
  to   space 13312K, 0% used [0x00000000e0580000,0x00000000e0580000,0x00000000e1280000)
 ParOldGen       total 71680K, used 17266K [0x0000000080000000, 0x0000000084600000, 0x00000000d5580000)
  object space 71680K, 24% used [0x0000000080000000,0x00000000810dc888,0x0000000084600000)
 Metaspace       used 56141K, capacity 58498K, committed 58664K, reserved 1099776K
  class space    used 7672K, capacity 8172K, committed 8240K, reserved 1048576K
Event: 6.395 GC heap after
Heap after GC invocations=13 (full 2):
 PSYoungGen      total 193536K, used 13299K [0x00000000d5580000, 0x00000000e6380000, 0x0000000100000000)
  eden space 180224K, 0% used [0x00000000d5580000,0x00000000d5580000,0x00000000e0580000)
  from space 13312K, 99% used [0x00000000e0580000,0x00000000e127cc00,0x00000000e1280000)
  to   space 20480K, 0% used [0x00000000e4f80000,0x00000000e4f80000,0x00000000e6380000)
 ParOldGen       total 71680K, used 31197K [0x0000000080000000, 0x0000000084600000, 0x00000000d5580000)
  object space 71680K, 43% used [0x0000000080000000,0x0000000081e77600,0x0000000084600000)
 Metaspace       used 56141K, capacity 58498K, committed 58664K, reserved 1099776K
  class space    used 7672K, capacity 8172K, committed 8240K, reserved 1048576K
}
Event: 6.492 GC heap before
{Heap before GC invocations=14 (full 2):
 PSYoungGen      total 193536K, used 22889K [0x00000000d5580000, 0x00000000e6380000, 0x0000000100000000)
  eden space 180224K, 5% used [0x00000000d5580000,0x00000000d5eddbe8,0x00000000e0580000)
  from space 13312K, 99% used [0x00000000e0580000,0x00000000e127cc00,0x00000000e1280000)
  to   space 20480K, 0% used [0x00000000e4f80000,0x00000000e4f80000,0x00000000e6380000)
 ParOldGen       total 71680K, used 31197K [0x0000000080000000, 0x0000000084600000, 0x00000000d5580000)
  object space 71680K, 43% used [0x0000000080000000,0x0000000081e77600,0x0000000084600000)
 Metaspace       used 56723K, capacity 59064K, committed 59160K, reserved 1099776K
  class space    used 7757K, capacity 8211K, committed 8240K, reserved 1048576K
Event: 6.509 GC heap after
Heap after GC invocations=14 (full 2):
 PSYoungGen      total 200704K, used 960K [0x00000000d5580000, 0x00000000e6380000, 0x0000000100000000)
  eden space 180224K, 0% used [0x00000000d5580000,0x00000000d5580000,0x00000000e0580000)
  from space 20480K, 4% used [0x00000000e4f80000,0x00000000e5070000,0x00000000e6380000)
  to   space 13312K, 0% used [0x00000000e0580000,0x00000000e0580000,0x00000000e1280000)
 ParOldGen       total 71680K, used 42348K [0x0000000080000000, 0x0000000084600000, 0x00000000d5580000)
  object space 71680K, 59% used [0x0000000080000000,0x000000008295b048,0x0000000084600000)
 Metaspace       used 56723K, capacity 59064K, committed 59160K, reserved 1099776K
  class space    used 7757K, capacity 8211K, committed 8240K, reserved 1048576K
}
Event: 6.509 GC heap before
{Heap before GC invocations=15 (full 3):
 PSYoungGen      total 200704K, used 960K [0x00000000d5580000, 0x00000000e6380000, 0x0000000100000000)
  eden space 180224K, 0% used [0x00000000d5580000,0x00000000d5580000,0x00000000e0580000)
  from space 20480K, 4% used [0x00000000e4f80000,0x00000000e5070000,0x00000000e6380000)
  to   space 13312K, 0% used [0x00000000e0580000,0x00000000e0580000,0x00000000e1280000)
 ParOldGen       total 71680K, used 42348K [0x0000000080000000, 0x0000000084600000, 0x00000000d5580000)
  object space 71680K, 59% used [0x0000000080000000,0x000000008295b048,0x0000000084600000)
 Metaspace       used 56723K, capacity 59064K, committed 59160K, reserved 1099776K
  class space    used 7757K, capacity 8211K, committed 8240K, reserved 1048576K

Deoptimization events (10 events):
Event: 6.050 Thread 0x000000001be06000 Uncommon trap: reason=unstable_if action=reinterpret pc=0x000000000339a8e4 method=sun.misc.MetaIndex.mayContain(Ljava/lang/String;)Z @ 38
Event: 6.051 Thread 0x000000001be06000 Uncommon trap: reason=unstable_if action=reinterpret pc=0x00000000032c2dd4 method=java.security.CodeSource.hashCode()I @ 4
Event: 6.052 Thread 0x000000001be06000 Uncommon trap: reason=unstable_if action=reinterpret pc=0x00000000032b49cc method=java.security.CodeSource.hashCode()I @ 4
Event: 6.244 Thread 0x000000001be06000 Uncommon trap: reason=unstable_if action=reinterpret pc=0x000000000338a3e0 method=org.objectweb.asm.ByteVector.putInt(I)Lorg/objectweb/asm/ByteVector; @ 13
Event: 6.262 Thread 0x000000001be06000 Uncommon trap: reason=unstable_if action=reinterpret pc=0x0000000002900ac8 method=java.util.HashMap.resize()[Ljava/util/HashMap$Node; @ 206
Event: 6.262 Thread 0x000000001be06000 Uncommon trap: reason=unstable_if action=reinterpret pc=0x0000000003330c1c method=java.util.HashMap.getNode(ILjava/lang/Object;)Ljava/util/HashMap$Node; @ 84
Event: 6.262 Thread 0x000000001be06000 Uncommon trap: reason=unstable_if action=reinterpret pc=0x000000000362b370 method=java.util.HashMap.getNode(ILjava/lang/Object;)Ljava/util/HashMap$Node; @ 84
Event: 6.262 Thread 0x000000001be06000 Uncommon trap: reason=unstable_if action=reinterpret pc=0x0000000003462864 method=java.util.HashMap.getNode(ILjava/lang/Object;)Ljava/util/HashMap$Node; @ 84
Event: 6.284 Thread 0x000000001be06000 Uncommon trap: reason=unstable_if action=reinterpret pc=0x000000000304f750 method=java.io.WinNTFileSystem.normalize(Ljava/lang/String;)Ljava/lang/String; @ 74
Event: 6.284 Thread 0x000000001be06000 Uncommon trap: reason=unstable_if action=reinterpret pc=0x0000000002bc036c method=java.io.WinNTFileSystem.normalize(Ljava/lang/String;II)Ljava/lang/String; @ 103

Classes redefined (0 events):
No events

Internal exceptions (10 events):
Event: 6.051 Thread 0x000000001be06000 Implicit null exception at 0x00000000032c1a62 to 0x00000000032c2d9d
Event: 6.052 Thread 0x000000001be06000 Implicit null exception at 0x00000000032b46d5 to 0x00000000032b49bd
Event: 6.174 Thread 0x000000001be06000 Exception <a 'java/lang/ClassNotFoundException': com/android/build/gradle/internal/api/ApkVariantOutputImpl_DecoratedBeanInfo> (0x00000000df150068) thrown at [C:\src\AOSP-openjdk-git\hotspot\src\share\vm\classfile\systemDictionary.cpp, line 210]
Event: 6.175 Thread 0x000000001be06000 Exception <a 'java/lang/ClassNotFoundException': com/android/build/gradle/internal/api/ApkVariantOutputImplBeanInfo> (0x00000000df16d298) thrown at [C:\src\AOSP-openjdk-git\hotspot\src\share\vm\classfile\systemDictionary.cpp, line 210]
Event: 6.175 Thread 0x000000001be06000 Exception <a 'java/lang/ClassNotFoundException': com/android/build/gradle/internal/api/BaseVariantOutputImplBeanInfo> (0x00000000df18b6d0) thrown at [C:\src\AOSP-openjdk-git\hotspot\src\share\vm\classfile\systemDictionary.cpp, line 210]
Event: 6.176 Thread 0x000000001be06000 Exception <a 'java/lang/ClassNotFoundException': com/android/build/gradle/internal/api/BaseVariantOutputImplCustomizer> (0x00000000df1aa068) thrown at [C:\src\AOSP-openjdk-git\hotspot\src\share\vm\classfile\systemDictionary.cpp, line 210]
Event: 6.176 Thread 0x000000001be06000 Exception <a 'java/lang/ClassNotFoundException': com/android/build/gradle/internal/api/ApkVariantOutputImplCustomizer> (0x00000000df1e2810) thrown at [C:\src\AOSP-openjdk-git\hotspot\src\share\vm\classfile\systemDictionary.cpp, line 210]
Event: 6.177 Thread 0x000000001be06000 Exception <a 'java/lang/ClassNotFoundException': com/android/build/gradle/internal/api/ApkVariantOutputImpl_DecoratedCustomizer> (0x00000000df216630) thrown at [C:\src\AOSP-openjdk-git\hotspot\src\share\vm\classfile\systemDictionary.cpp, line 210]
Event: 6.309 Thread 0x000000001be06000 Exception <a 'java/lang/NoSuchMethodError': java.lang.Object.lambda$static$0(Lorg/gradle/api/internal/tasks/TaskDependencyResolveContext;)V> (0x00000000dfcc9060) thrown at [C:\src\AOSP-openjdk-git\hotspot\src\share\vm\interpreter\linkResolver.cpp, line 62
Event: 6.479 Thread 0x000000001be06000 Exception <a 'sun/nio/fs/WindowsException'> (0x00000000d5ba6148) thrown at [C:\src\AOSP-openjdk-git\hotspot\src\share\vm\prims\jni.cpp, line 710]

Events (10 events):
Event: 6.490 loading class kotlin/io/TerminateException done
Event: 6.490 loading class kotlin/io/FileSystemException
Event: 6.490 loading class kotlin/io/FileSystemException done
Event: 6.491 loading class kotlin/text/CharsKt
Event: 6.491 loading class kotlin/text/CharsKt done
Event: 6.491 loading class kotlin/text/CharsKt__CharKt
Event: 6.491 loading class kotlin/text/CharsKt__CharKt done
Event: 6.491 loading class kotlin/text/CharsKt__CharJVMKt
Event: 6.491 loading class kotlin/text/CharsKt__CharJVMKt done
Event: 6.492 Executing VM operation: CollectForMetadataAllocation


Dynamic libraries:
0x00007ff7aef40000 - 0x00007ff7aef71000 	C:\Program Files\Android\Android Studio\jre\bin\java.exe
0x00007ff88fe10000 - 0x00007ff890005000 	C:\WINDOWS\SYSTEM32\ntdll.dll
0x00007ff88f280000 - 0x00007ff88f33d000 	C:\WINDOWS\System32\KERNEL32.DLL
0x00007ff88d9f0000 - 0x00007ff88dcb9000 	C:\WINDOWS\System32\KERNELBASE.dll
0x00007ff88fb50000 - 0x00007ff88fbfc000 	C:\WINDOWS\System32\ADVAPI32.dll
0x00007ff88fc00000 - 0x00007ff88fc9e000 	C:\WINDOWS\System32\msvcrt.dll
0x00007ff88e810000 - 0x00007ff88e8ac000 	C:\WINDOWS\System32\sechost.dll
0x00007ff88fca0000 - 0x00007ff88fdcb000 	C:\WINDOWS\System32\RPCRT4.dll
0x00007ff88dfa0000 - 0x00007ff88e140000 	C:\WINDOWS\System32\USER32.dll
0x00007ff88dd20000 - 0x00007ff88dd42000 	C:\WINDOWS\System32\win32u.dll
0x00007ff88f250000 - 0x00007ff88f27a000 	C:\WINDOWS\System32\GDI32.dll
0x00007ff88d860000 - 0x00007ff88d96b000 	C:\WINDOWS\System32\gdi32full.dll
0x00007ff88ddd0000 - 0x00007ff88de6d000 	C:\WINDOWS\System32\msvcp_win.dll
0x00007ff88d6b0000 - 0x00007ff88d7b0000 	C:\WINDOWS\System32\ucrtbase.dll
0x00007ff873e20000 - 0x00007ff8740ba000 	C:\WINDOWS\WinSxS\amd64_microsoft.windows.common-controls_6595b64144ccf1df_6.0.19041.844_none_ca00b6081b84eb1d\COMCTL32.dll
0x00007ff88fb00000 - 0x00007ff88fb30000 	C:\WINDOWS\System32\IMM32.DLL
0x00000000541a0000 - 0x0000000054272000 	C:\Program Files\Android\Android Studio\jre\jre\bin\msvcr100.dll
0x0000000054360000 - 0x0000000054bab000 	C:\Program Files\Android\Android Studio\jre\jre\bin\server\jvm.dll
0x00007ff88e910000 - 0x00007ff88e918000 	C:\WINDOWS\System32\PSAPI.DLL
0x00007ff884ef0000 - 0x00007ff884ef9000 	C:\WINDOWS\SYSTEM32\WSOCK32.dll
0x00007ff86c3b0000 - 0x00007ff86c3d7000 	C:\WINDOWS\SYSTEM32\WINMM.dll
0x00007ff883d00000 - 0x00007ff883d0a000 	C:\WINDOWS\SYSTEM32\VERSION.dll
0x00007ff88e730000 - 0x00007ff88e79b000 	C:\WINDOWS\System32\WS2_32.dll
0x00007ff86c190000 - 0x00007ff86c19f000 	C:\Program Files\Android\Android Studio\jre\jre\bin\verify.dll
0x00007ff821180000 - 0x00007ff8211a9000 	C:\Program Files\Android\Android Studio\jre\jre\bin\java.dll
0x00007ff83fc00000 - 0x00007ff83fc16000 	C:\Program Files\Android\Android Studio\jre\jre\bin\zip.dll
0x00007ff88ea50000 - 0x00007ff88f192000 	C:\WINDOWS\System32\SHELL32.dll
0x00007ff88b690000 - 0x00007ff88be20000 	C:\WINDOWS\SYSTEM32\windows.storage.dll
0x00007ff88e140000 - 0x00007ff88e495000 	C:\WINDOWS\System32\combase.dll
0x00007ff88cfc0000 - 0x00007ff88cfec000 	C:\WINDOWS\SYSTEM32\Wldp.dll
0x00007ff88f840000 - 0x00007ff88f8ee000 	C:\WINDOWS\System32\SHCORE.dll
0x00007ff88e8b0000 - 0x00007ff88e905000 	C:\WINDOWS\System32\shlwapi.dll
0x00007ff88d490000 - 0x00007ff88d4af000 	C:\WINDOWS\SYSTEM32\profapi.dll
0x00007ff820cf0000 - 0x00007ff820d0a000 	C:\Program Files\Android\Android Studio\jre\jre\bin\net.dll
0x00007ff88cd40000 - 0x00007ff88cdaa000 	C:\WINDOWS\system32\mswsock.dll
0x00007ff820870000 - 0x00007ff820883000 	C:\Program Files\Android\Android Studio\jre\jre\bin\nio.dll
0x00007ff870b00000 - 0x00007ff870b27000 	C:\Users\Thuy\.gradle\native\f6784746aeab05261644944871eae4fe03e0ef1612fff0a4a95f87b438bc6780\windows-amd64\native-platform.dll
0x00007ff862450000 - 0x00007ff86245d000 	C:\Program Files\Android\Android Studio\jre\jre\bin\management.dll
0x00007ff88cf10000 - 0x00007ff88cf28000 	C:\WINDOWS\SYSTEM32\CRYPTSP.dll
0x00007ff88c670000 - 0x00007ff88c6a4000 	C:\WINDOWS\system32\rsaenh.dll
0x00007ff88d970000 - 0x00007ff88d997000 	C:\WINDOWS\System32\bcrypt.dll
0x00007ff88d450000 - 0x00007ff88d47e000 	C:\WINDOWS\SYSTEM32\USERENV.dll
0x00007ff88dd50000 - 0x00007ff88ddd0000 	C:\WINDOWS\System32\bcryptprimitives.dll
0x00007ff88cf30000 - 0x00007ff88cf3c000 	C:\WINDOWS\SYSTEM32\CRYPTBASE.dll
0x00007ff88c9e0000 - 0x00007ff88ca1b000 	C:\WINDOWS\SYSTEM32\IPHLPAPI.DLL
0x00007ff88de70000 - 0x00007ff88de78000 	C:\WINDOWS\System32\NSI.dll
0x00007ff881b90000 - 0x00007ff881ba7000 	C:\WINDOWS\SYSTEM32\dhcpcsvc6.DLL
0x00007ff8825c0000 - 0x00007ff8825dd000 	C:\WINDOWS\SYSTEM32\dhcpcsvc.DLL
0x00007ff88ca20000 - 0x00007ff88caeb000 	C:\WINDOWS\SYSTEM32\DNSAPI.dll
0x00007ff882aa0000 - 0x00007ff882aab000 	C:\WINDOWS\SYSTEM32\WINNSI.DLL

VM Arguments:
jvm_args: -Xmx2048m -Dfile.encoding=UTF-8 -Duser.country=US -Duser.language=en -Duser.variant 
java_command: org.gradle.launcher.daemon.bootstrap.GradleDaemon 6.5
java_class_path (initial): C:\Users\Thuy\.gradle\wrapper\dists\gradle-6.5-bin\6nifqtx7604sqp1q6g8wikw7p\gradle-6.5\lib\gradle-launcher-6.5.jar
Launcher Type: SUN_STANDARD

Environment Variables:
JAVA_HOME=C:\Program Files\Java\jdk-15.0.2
PATH=C:\Program Files (x86)\Common Files\Oracle\Java\javapath;C:\Windows\system32;C:\Windows;C:\Windows\System32\Wbem;C:\Windows\System32\WindowsPowerShell\v1.0\;C:\Windows\System32\OpenSSH\;C:\Program Files (x86)\NVIDIA Corporation\PhysX\Common;C:\Program Files\NVIDIA Corporation\NVIDIA NvDLISR;C:\Program Files\Git\cmd;C:\WINDOWS\system32;C:\WINDOWS;C:\WINDOWS\System32\Wbem;C:\WINDOWS\System32\WindowsPowerShell\v1.0\;C:\WINDOWS\System32\OpenSSH\;C:\Program Files\Java\jdk-15.0.2\bin;C:\Users\Thuy\AppData\Local\Microsoft\WindowsApps;;D:\Microsoft VS Code\bin
USERNAME=Thu Thuy
OS=Windows_NT
PROCESSOR_IDENTIFIER=Intel64 Family 6 Model 142 Stepping 10, GenuineIntel



---------------  S Y S T E M  ---------------

OS: Windows 10.0 , 64 bit Build 19041 (10.0.19041.804)

CPU:total 8 (initial active 8) (4 cores per cpu, 2 threads per core) family 6 model 142 stepping 10, cmov, cx8, fxsr, mmx, sse, sse2, sse3, ssse3, sse4.1, sse4.2, popcnt, avx, avx2, aes, clmul, erms, 3dnowpref, lzcnt, ht, tsc, tscinvbit, bmi1, bmi2, adx

Memory: 4k page, physical 8268368k(209116k free), swap 33434192k(5812k free)

vm_info: OpenJDK 64-Bit Server VM (25.242-b01) for windows-amd64 JRE (1.8.0_242-release-1644-b01), built by "builder" with MS VC++ 10.0 (VS2010)

time: Sun Mar 14 12:22:31 2021
timezone: SE Asia Standard Time
elapsed time: 6 seconds (0d 0h 0m 6s)

