#
# There is insufficient memory for the Java Runtime Environment to continue.
# Native memory allocation (malloc) failed to allocate 1058976 bytes for Chunk::new
# Possible reasons:
#   The system is out of physical RAM or swap space
#   The process is running with CompressedOops enabled, and the Java Heap may be blocking the growth of the native heap
# Possible solutions:
#   Reduce memory load on the system
#   Increase physical memory or swap space
#   Check if swap backing store is full
#   Decrease Java heap size (-Xmx/-Xms)
#   Decrease number of Java threads
#   Decrease Java thread stack sizes (-Xss)
#   Set larger code cache with -XX:ReservedCodeCacheSize=
#   JVM is running with Unscaled Compressed Oops mode in which the Java heap is
#     placed in the first 4GB address space. The Java Heap base address is the
#     maximum limit for the native heap growth. Please use -XX:HeapBaseMinAddress
#     to set the Java Heap base and to place the Java Heap above 4GB virtual address.
# This output file may be truncated or incomplete.
#
#  Out of Memory Error (allocation.cpp:389), pid=20256, tid=0x0000000000002300
#
# JRE version: OpenJDK Runtime Environment (8.0_242-b01) (build 1.8.0_242-release-1644-b01)
# Java VM: OpenJDK 64-Bit Server VM (25.242-b01 mixed mode windows-amd64 compressed oops)
# Failed to write core dump. Minidumps are not enabled by default on client versions of Windows
#

---------------  T H R E A D  ---------------

Current thread (0x0000000019d1f800):  JavaThread "C2 CompilerThread0" daemon [_thread_in_native, id=8960, stack(0x000000001a5f0000,0x000000001a6f0000)]

Stack: [0x000000001a5f0000,0x000000001a6f0000]
[error occurred during error reporting (printing stack bounds), id 0xc0000005]

Native frames: (J=compiled Java code, j=interpreted, Vv=VM code, C=native code)


Current CompileTask:
C2:   4484 2651       4       groovy.lang.MetaClassImpl$1MOPIter::methodNameAction (325 bytes)


---------------  P R O C E S S  ---------------

Java Threads: ( => current thread )
  0x000000001c6f6800 JavaThread "Cache worker for file content cache (C:\Users\Thuy\.gradle\caches\6.5\fileContent)" [_thread_blocked, id=20156, stack(0x0000000022f20000,0x0000000023020000)]
  0x000000001c6f4000 JavaThread "jar transforms" [_thread_blocked, id=1360, stack(0x0000000022e20000,0x0000000022f20000)]
  0x000000001c6f1000 JavaThread "Cache worker for execution history cache (C:\Users\Thuy\.gradle\caches\6.5\executionHistory)" [_thread_blocked, id=20288, stack(0x0000000022720000,0x0000000022820000)]
  0x000000001c6f5000 JavaThread "Cache worker for cache directory md-rule (C:\Users\Thuy\.gradle\caches\6.5\md-rule)" [_thread_blocked, id=9452, stack(0x0000000022620000,0x0000000022720000)]
  0x000000001c6f0800 JavaThread "Cache worker for cache directory md-supplier (C:\Users\Thuy\.gradle\caches\6.5\md-supplier)" [_thread_blocked, id=19272, stack(0x00000000211b0000,0x00000000212b0000)]
  0x000000001c6f2000 JavaThread "Cache worker for checksums cache (C:\Users\Thuy\AndroidStudioProjects\MyFriends\.gradle\checksums)" [_thread_blocked, id=16216, stack(0x00000000210b0000,0x00000000211b0000)]
  0x000000001c6f2800 JavaThread "Cache worker for file hash cache (C:\Users\Thuy\AndroidStudioProjects\MyFriends\.gradle\6.5\fileHashes)" [_thread_blocked, id=11304, stack(0x0000000022520000,0x0000000022620000)]
  0x000000001c6ef800 JavaThread "Cache worker for file hash cache (C:\Users\Thuy\.gradle\caches\6.5\fileHashes)" [_thread_blocked, id=19256, stack(0x000000001ec10000,0x000000001ed10000)]
  0x000000001c6f3800 JavaThread "File lock request listener" [_thread_in_native, id=15144, stack(0x000000001eb10000,0x000000001ec10000)]
  0x000000001c85b800 JavaThread "Cache worker for journal cache (C:\Users\Thuy\.gradle\caches\journal-1)" [_thread_blocked, id=3224, stack(0x000000001ea10000,0x000000001eb10000)]
  0x000000001b98d800 JavaThread "Thread-9" [_thread_blocked, id=6388, stack(0x000000001e710000,0x000000001e810000)]
  0x000000001b98b000 JavaThread "Stdin handler" [_thread_blocked, id=13632, stack(0x000000001e610000,0x000000001e710000)]
  0x000000001b98a000 JavaThread "Asynchronous log dispatcher for DefaultDaemonConnection: socket connection from /127.0.0.1:63862 to /127.0.0.1:63863" [_thread_blocked, id=15864, stack(0x000000001e510000,0x000000001e610000)]
  0x000000001c8d1000 JavaThread "Daemon worker" [_thread_in_Java, id=16812, stack(0x000000001e410000,0x000000001e510000)]
  0x000000001c7a9000 JavaThread "Cancel handler" [_thread_blocked, id=16876, stack(0x000000001e310000,0x000000001e410000)]
  0x000000001c79e800 JavaThread "Handler for socket connection from /127.0.0.1:63862 to /127.0.0.1:63863" [_thread_in_native, id=16816, stack(0x000000001e210000,0x000000001e310000)]
  0x000000001c7b7000 JavaThread "Daemon" [_thread_blocked, id=9964, stack(0x000000001e110000,0x000000001e210000)]
  0x000000001c8d5800 JavaThread "Daemon periodic checks" [_thread_blocked, id=3008, stack(0x000000001de10000,0x000000001df10000)]
  0x000000001c742000 JavaThread "Incoming local TCP Connector on port 63862" [_thread_in_native, id=7448, stack(0x000000001dbd0000,0x000000001dcd0000)]
  0x000000001c6dc000 JavaThread "Daemon health stats" [_thread_blocked, id=20268, stack(0x000000001d590000,0x000000001d690000)]
  0x0000000019d7d000 JavaThread "Service Thread" daemon [_thread_blocked, id=7080, stack(0x000000001a9f0000,0x000000001aaf0000)]
  0x0000000019d39000 JavaThread "C1 CompilerThread3" daemon [_thread_blocked, id=4868, stack(0x000000001a8f0000,0x000000001a9f0000)]
  0x0000000019d28800 JavaThread "C2 CompilerThread2" daemon [_thread_in_native, id=18780, stack(0x000000001a7f0000,0x000000001a8f0000)]
  0x0000000019d26000 JavaThread "C2 CompilerThread1" daemon [_thread_blocked, id=12148, stack(0x000000001a6f0000,0x000000001a7f0000)]
=>0x0000000019d1f800 JavaThread "C2 CompilerThread0" daemon [_thread_in_native, id=8960, stack(0x000000001a5f0000,0x000000001a6f0000)]
  0x0000000019d1e000 JavaThread "Attach Listener" daemon [_thread_blocked, id=16144, stack(0x000000001a4f0000,0x000000001a5f0000)]
  0x0000000017efe000 JavaThread "Signal Dispatcher" daemon [_thread_blocked, id=17520, stack(0x000000001a3f0000,0x000000001a4f0000)]
  0x0000000019d11000 JavaThread "Finalizer" daemon [_thread_blocked, id=4856, stack(0x000000001a1f0000,0x000000001a2f0000)]
  0x0000000019d10800 JavaThread "Reference Handler" daemon [_thread_blocked, id=12476, stack(0x000000001a0f0000,0x000000001a1f0000)]
  0x0000000002bbe000 JavaThread "main" [_thread_blocked, id=16880, stack(0x0000000002c80000,0x0000000002d80000)]

Other Threads:
  0x0000000017ee8000 VMThread [stack: 0x0000000019bf0000,0x0000000019cf0000] [id=7856]
  0x0000000019d7e000 WatcherThread [stack: 0x000000001aaf0000,0x000000001abf0000] [id=18252]

VM state:not at safepoint (normal execution)

VM Mutex/Monitor currently owned by a thread: None

heap address: 0x0000000080000000, size: 2048 MB, Compressed Oops mode: 32-bit
Narrow klass base: 0x0000000000000000, Narrow klass shift: 3
Compressed class space size: 1073741824 Address: 0x0000000100000000

Heap:
 PSYoungGen      total 132608K, used 90373K [0x00000000d5580000, 0x00000000de980000, 0x0000000100000000)
  eden space 123904K, 65% used [0x00000000d5580000,0x00000000da54f150,0x00000000dce80000)
  from space 8704K, 99% used [0x00000000de100000,0x00000000de9723f8,0x00000000de980000)
  to   space 11776K, 0% used [0x00000000dd280000,0x00000000dd280000,0x00000000dde00000)
 ParOldGen       total 47616K, used 6648K [0x0000000080000000, 0x0000000082e80000, 0x00000000d5580000)
  object space 47616K, 13% used [0x0000000080000000,0x000000008067e070,0x0000000082e80000)
 Metaspace       used 33823K, capacity 34960K, committed 35120K, reserved 1079296K
  class space    used 4642K, capacity 4901K, committed 4912K, reserved 1048576K

Card table byte_map: [0x0000000012240000,0x0000000012650000] byte_map_base: 0x0000000011e40000

Marking Bits: (ParMarkBitMap*) 0x0000000054b2f030
 Begin Bits: [0x0000000013100000, 0x0000000015100000)
 End Bits:   [0x0000000015100000, 0x0000000017100000)

Polling page: 0x0000000000f10000

CodeCache: size=245760Kb used=10498Kb max_used=10498Kb free=235261Kb
 bounds [0x0000000002e80000, 0x00000000038d0000, 0x0000000011e80000]
 total_blobs=3452 nmethods=2766 adapters=599
 compilation: enabled

Compilation events (10 events):
Event: 4.469 Thread 0x0000000019d39000 2764       3       java.lang.Class::createAnnotationData (192 bytes)
Event: 4.470 Thread 0x0000000019d39000 nmethod 2764 0x00000000038c1ad0 code [0x00000000038c1de0, 0x00000000038c3318]
Event: 4.480 Thread 0x0000000019d39000 2765       1       org.gradle.internal.instantiation.generator.AbstractClassGenerator$ClassGenerationHandler::visitProperty (1 bytes)
Event: 4.480 Thread 0x0000000019d39000 nmethod 2765 0x00000000038b6e50 code [0x00000000038b6fa0, 0x00000000038b70b0]
Event: 4.480 Thread 0x0000000019d39000 2766   !   3       java.lang.reflect.Field::declaredAnnotations (82 bytes)
Event: 4.480 Thread 0x0000000019d39000 nmethod 2766 0x00000000038c3c50 code [0x00000000038c3e00, 0x00000000038c4548]
Event: 4.480 Thread 0x0000000019d39000 2767       3       java.lang.invoke.LambdaForm$MH/885284298::linkToTargetMethod (8 bytes)
Event: 4.481 Thread 0x0000000019d39000 nmethod 2767 0x00000000038c4890 code [0x00000000038c4a00, 0x00000000038c4db8]
Event: 4.481 Thread 0x0000000019d39000 2768       3       java.lang.invoke.LambdaForm$MH/317574433::identity_L (8 bytes)
Event: 4.481 Thread 0x0000000019d39000 nmethod 2768 0x00000000038c4e90 code [0x00000000038c5000, 0x00000000038c5290]

GC Heap History (10 events):
Event: 2.462 GC heap before
{Heap before GC invocations=5 (full 0):
 PSYoungGen      total 38400K, used 38368K [0x00000000d5580000, 0x00000000da080000, 0x0000000100000000)
  eden space 33280K, 100% used [0x00000000d5580000,0x00000000d7600000,0x00000000d7600000)
  from space 5120K, 99% used [0x00000000d7b00000,0x00000000d7ff81e0,0x00000000d8000000)
  to   space 5120K, 0% used [0x00000000d7600000,0x00000000d7600000,0x00000000d7b00000)
 ParOldGen       total 87552K, used 3471K [0x0000000080000000, 0x0000000085580000, 0x00000000d5580000)
  object space 87552K, 3% used [0x0000000080000000,0x0000000080363f88,0x0000000085580000)
 Metaspace       used 17742K, capacity 18356K, committed 18560K, reserved 1064960K
  class space    used 2430K, capacity 2628K, committed 2688K, reserved 1048576K
Event: 2.476 GC heap after
Heap after GC invocations=5 (full 0):
 PSYoungGen      total 38400K, used 5088K [0x00000000d5580000, 0x00000000daa80000, 0x0000000100000000)
  eden space 33280K, 0% used [0x00000000d5580000,0x00000000d5580000,0x00000000d7600000)
  from space 5120K, 99% used [0x00000000d7600000,0x00000000d7af8020,0x00000000d7b00000)
  to   space 10240K, 0% used [0x00000000da080000,0x00000000da080000,0x00000000daa80000)
 ParOldGen       total 87552K, used 6614K [0x0000000080000000, 0x0000000085580000, 0x00000000d5580000)
  object space 87552K, 7% used [0x0000000080000000,0x0000000080675a18,0x0000000085580000)
 Metaspace       used 17742K, capacity 18356K, committed 18560K, reserved 1064960K
  class space    used 2430K, capacity 2628K, committed 2688K, reserved 1048576K
}
Event: 2.941 GC heap before
{Heap before GC invocations=6 (full 0):
 PSYoungGen      total 38400K, used 38368K [0x00000000d5580000, 0x00000000daa80000, 0x0000000100000000)
  eden space 33280K, 100% used [0x00000000d5580000,0x00000000d7600000,0x00000000d7600000)
  from space 5120K, 99% used [0x00000000d7600000,0x00000000d7af8020,0x00000000d7b00000)
  to   space 10240K, 0% used [0x00000000da080000,0x00000000da080000,0x00000000daa80000)
 ParOldGen       total 87552K, used 6614K [0x0000000080000000, 0x0000000085580000, 0x00000000d5580000)
  object space 87552K, 7% used [0x0000000080000000,0x0000000080675a18,0x0000000085580000)
 Metaspace       used 20540K, capacity 21176K, committed 21248K, reserved 1067008K
  class space    used 2865K, capacity 3044K, committed 3072K, reserved 1048576K
Event: 2.948 GC heap after
Heap after GC invocations=6 (full 0):
 PSYoungGen      total 76288K, used 8666K [0x00000000d5580000, 0x00000000dab80000, 0x0000000100000000)
  eden space 66048K, 0% used [0x00000000d5580000,0x00000000d5580000,0x00000000d9600000)
  from space 10240K, 84% used [0x00000000da080000,0x00000000da8f6970,0x00000000daa80000)
  to   space 10752K, 0% used [0x00000000d9600000,0x00000000d9600000,0x00000000da080000)
 ParOldGen       total 87552K, used 6622K [0x0000000080000000, 0x0000000085580000, 0x00000000d5580000)
  object space 87552K, 7% used [0x0000000080000000,0x0000000080677a18,0x0000000085580000)
 Metaspace       used 20540K, capacity 21176K, committed 21248K, reserved 1067008K
  class space    used 2865K, capacity 3044K, committed 3072K, reserved 1048576K
}
Event: 2.958 GC heap before
{Heap before GC invocations=7 (full 0):
 PSYoungGen      total 76288K, used 10846K [0x00000000d5580000, 0x00000000dab80000, 0x0000000100000000)
  eden space 66048K, 3% used [0x00000000d5580000,0x00000000d57a0ea0,0x00000000d9600000)
  from space 10240K, 84% used [0x00000000da080000,0x00000000da8f6970,0x00000000daa80000)
  to   space 10752K, 0% used [0x00000000d9600000,0x00000000d9600000,0x00000000da080000)
 ParOldGen       total 87552K, used 6622K [0x0000000080000000, 0x0000000085580000, 0x00000000d5580000)
  object space 87552K, 7% used [0x0000000080000000,0x0000000080677a18,0x0000000085580000)
 Metaspace       used 20587K, capacity 21208K, committed 21296K, reserved 1067008K
  class space    used 2873K, capacity 3076K, committed 3120K, reserved 1048576K
Event: 2.962 GC heap after
Heap after GC invocations=7 (full 0):
 PSYoungGen      total 76800K, used 3824K [0x00000000d5580000, 0x00000000deb80000, 0x0000000100000000)
  eden space 66048K, 0% used [0x00000000d5580000,0x00000000d5580000,0x00000000d9600000)
  from space 10752K, 35% used [0x00000000d9600000,0x00000000d99bc040,0x00000000da080000)
  to   space 10752K, 0% used [0x00000000de100000,0x00000000de100000,0x00000000deb80000)
 ParOldGen       total 87552K, used 8854K [0x0000000080000000, 0x0000000085580000, 0x00000000d5580000)
  object space 87552K, 10% used [0x0000000080000000,0x00000000808a5a88,0x0000000085580000)
 Metaspace       used 20587K, capacity 21208K, committed 21296K, reserved 1067008K
  class space    used 2873K, capacity 3076K, committed 3120K, reserved 1048576K
}
Event: 2.962 GC heap before
{Heap before GC invocations=8 (full 1):
 PSYoungGen      total 76800K, used 3824K [0x00000000d5580000, 0x00000000deb80000, 0x0000000100000000)
  eden space 66048K, 0% used [0x00000000d5580000,0x00000000d5580000,0x00000000d9600000)
  from space 10752K, 35% used [0x00000000d9600000,0x00000000d99bc040,0x00000000da080000)
  to   space 10752K, 0% used [0x00000000de100000,0x00000000de100000,0x00000000deb80000)
 ParOldGen       total 87552K, used 8854K [0x0000000080000000, 0x0000000085580000, 0x00000000d5580000)
  object space 87552K, 10% used [0x0000000080000000,0x00000000808a5a88,0x0000000085580000)
 Metaspace       used 20587K, capacity 21208K, committed 21296K, reserved 1067008K
  class space    used 2873K, capacity 3076K, committed 3120K, reserved 1048576K
Event: 2.993 GC heap after
Heap after GC invocations=8 (full 1):
 PSYoungGen      total 76800K, used 0K [0x00000000d5580000, 0x00000000deb80000, 0x0000000100000000)
  eden space 66048K, 0% used [0x00000000d5580000,0x00000000d5580000,0x00000000d9600000)
  from space 10752K, 0% used [0x00000000d9600000,0x00000000d9600000,0x00000000da080000)
  to   space 10752K, 0% used [0x00000000de100000,0x00000000de100000,0x00000000deb80000)
 ParOldGen       total 47616K, used 6640K [0x0000000080000000, 0x0000000082e80000, 0x00000000d5580000)
  object space 47616K, 13% used [0x0000000080000000,0x000000008067c070,0x0000000082e80000)
 Metaspace       used 20587K, capacity 21208K, committed 21296K, reserved 1067008K
  class space    used 2873K, capacity 3076K, committed 3120K, reserved 1048576K
}
Event: 3.790 GC heap before
{Heap before GC invocations=9 (full 1):
 PSYoungGen      total 76800K, used 66048K [0x00000000d5580000, 0x00000000deb80000, 0x0000000100000000)
  eden space 66048K, 100% used [0x00000000d5580000,0x00000000d9600000,0x00000000d9600000)
  from space 10752K, 0% used [0x00000000d9600000,0x00000000d9600000,0x00000000da080000)
  to   space 10752K, 0% used [0x00000000de100000,0x00000000de100000,0x00000000deb80000)
 ParOldGen       total 47616K, used 6640K [0x0000000080000000, 0x0000000082e80000, 0x00000000d5580000)
  object space 47616K, 13% used [0x0000000080000000,0x000000008067c070,0x0000000082e80000)
 Metaspace       used 28834K, capacity 29680K, committed 29872K, reserved 1075200K
  class space    used 3995K, capacity 4227K, committed 4272K, reserved 1048576K
Event: 3.798 GC heap after
Heap after GC invocations=9 (full 1):
 PSYoungGen      total 132608K, used 8648K [0x00000000d5580000, 0x00000000de980000, 0x0000000100000000)
  eden space 123904K, 0% used [0x00000000d5580000,0x00000000d5580000,0x00000000dce80000)
  from space 8704K, 99% used [0x00000000de100000,0x00000000de9723f8,0x00000000de980000)
  to   space 11776K, 0% used [0x00000000dd280000,0x00000000dd280000,0x00000000dde00000)
 ParOldGen       total 47616K, used 6648K [0x0000000080000000, 0x0000000082e80000, 0x00000000d5580000)
  object space 47616K, 13% used [0x0000000080000000,0x000000008067e070,0x0000000082e80000)
 Metaspace       used 28834K, capacity 29680K, committed 29872K, reserved 1075200K
  class space    used 3995K, capacity 4227K, committed 4272K, reserved 1048576K
}

Deoptimization events (10 events):
Event: 3.799 Thread 0x0000000019d10800 Uncommon trap: reason=unstable_if action=reinterpret pc=0x000000000341bebc method=java.lang.ref.Reference.tryHandlePending(Z)Z @ 104
Event: 4.037 Thread 0x000000001c8d1000 Uncommon trap: reason=unstable_if action=reinterpret pc=0x0000000003442a04 method=java.util.HashMap.getNode(ILjava/lang/Object;)Ljava/util/HashMap$Node; @ 53
Event: 4.115 Thread 0x000000001c8d1000 Uncommon trap: reason=unstable_if action=reinterpret pc=0x00000000037a48b8 method=org.gradle.internal.reflect.PropertyAccessorType.isGetGetterName(Ljava/lang/String;)Z @ 14
Event: 4.145 Thread 0x000000001c8d1000 Uncommon trap: reason=unstable_if action=reinterpret pc=0x000000000356ee00 method=org.objectweb.asm.ByteVector.putShort(I)Lorg/objectweb/asm/ByteVector; @ 13
Event: 4.207 Thread 0x000000001c6ef800 Uncommon trap: reason=bimorphic action=maybe_recompile pc=0x000000000362d02c method=java.io.BufferedInputStream.read([BII)I @ 101
Event: 4.209 Thread 0x000000001c6ef800 Uncommon trap: reason=bimorphic action=maybe_recompile pc=0x000000000362d02c method=java.io.BufferedInputStream.read([BII)I @ 101
Event: 4.212 Thread 0x000000001c8d1000 Uncommon trap: reason=unstable_if action=reinterpret pc=0x00000000034c48e4 method=java.net.URLClassLoader.defineClass(Ljava/lang/String;Lsun/misc/Resource;)Ljava/lang/Class; @ 21
Event: 4.263 Thread 0x000000001c8d1000 Uncommon trap: reason=unstable_if action=reinterpret pc=0x0000000003848448 method=org.codehaus.groovy.runtime.metaclass.MetaMethodIndex.addMethodToList(Ljava/lang/Object;Lgroovy/lang/MetaMethod;)Ljava/lang/Object; @ 226
Event: 4.280 Thread 0x000000001c8d1000 Uncommon trap: reason=unstable_if action=reinterpret pc=0x000000000360a354 method=java.util.WeakHashMap.put(Ljava/lang/Object;Ljava/lang/Object;)Ljava/lang/Object; @ 59
Event: 4.319 Thread 0x000000001c8d1000 Uncommon trap: reason=range_check action=make_not_entrant pc=0x000000000380fbcc method=java.lang.String.charAt(I)C @ 27

Classes redefined (0 events):
No events

Internal exceptions (10 events):
Event: 4.281 Thread 0x000000001c8d1000 Exception <a 'java/lang/ClassNotFoundException': org/gradle/api/internal/DefaultNamedDomainObjectCollectionCustomizer> (0x00000000d8de2c00) thrown at [C:\src\AOSP-openjdk-git\hotspot\src\share\vm\classfile\systemDictionary.cpp, line 210]
Event: 4.283 Thread 0x000000001c8d1000 Exception <a 'java/lang/ClassNotFoundException': org/gradle/api/internal/DefaultNamedDomainObjectListCustomizer> (0x00000000d8e57658) thrown at [C:\src\AOSP-openjdk-git\hotspot\src\share\vm\classfile\systemDictionary.cpp, line 210]
Event: 4.285 Thread 0x000000001c8d1000 Exception <a 'java/lang/ClassNotFoundException': org/gradle/api/internal/artifacts/DefaultArtifactRepositoryContainerCustomizer> (0x00000000d8ecc3b0) thrown at [C:\src\AOSP-openjdk-git\hotspot\src\share\vm\classfile\systemDictionary.cpp, line 210]
Event: 4.286 Thread 0x000000001c8d1000 Exception <a 'java/lang/ClassNotFoundException': org/gradle/api/internal/artifacts/dsl/DefaultRepositoryHandlerCustomizer> (0x00000000d8f31658) thrown at [C:\src\AOSP-openjdk-git\hotspot\src\share\vm\classfile\systemDictionary.cpp, line 210]
Event: 4.288 Thread 0x000000001c8d1000 Exception <a 'java/lang/ClassNotFoundException': org/gradle/api/internal/artifacts/dsl/DefaultRepositoryHandler_DecoratedCustomizer> (0x00000000d8fb4db8) thrown at [C:\src\AOSP-openjdk-git\hotspot\src\share\vm\classfile\systemDictionary.cpp, line 210]
Event: 4.403 Thread 0x000000001c8d1000 Exception <a 'java/lang/ClassNotFoundException': org/gradle/api/internal/artifacts/dsl/dependencies/DefaultDependencyHandler_DecoratedBeanInfo> (0x00000000d9d22e40) thrown at [C:\src\AOSP-openjdk-git\hotspot\src\share\vm\classfile\systemDictionary.cpp, li
Event: 4.405 Thread 0x000000001c8d1000 Exception <a 'java/lang/ClassNotFoundException': org/gradle/api/internal/artifacts/dsl/dependencies/DefaultDependencyHandlerBeanInfo> (0x00000000d9d7b780) thrown at [C:\src\AOSP-openjdk-git\hotspot\src\share\vm\classfile\systemDictionary.cpp, line 210]
Event: 4.407 Thread 0x000000001c8d1000 Exception <a 'java/lang/ClassNotFoundException': org/gradle/api/internal/artifacts/dsl/dependencies/DefaultDependencyHandlerCustomizer> (0x00000000d9dd53c0) thrown at [C:\src\AOSP-openjdk-git\hotspot\src\share\vm\classfile\systemDictionary.cpp, line 210]
Event: 4.410 Thread 0x000000001c8d1000 Exception <a 'java/lang/ClassNotFoundException': org/gradle/api/internal/artifacts/dsl/dependencies/DefaultDependencyHandler_DecoratedCustomizer> (0x00000000d9e60118) thrown at [C:\src\AOSP-openjdk-git\hotspot\src\share\vm\classfile\systemDictionary.cpp, 
Event: 4.482 Thread 0x000000001c8d1000 Exception <a 'java/lang/NoSuchMethodError': java.lang.Object.lambda$static$0(Lorg/gradle/api/internal/artifacts/configurations/MutationValidator$MutationType;)V> (0x00000000da4ce7b8) thrown at [C:\src\AOSP-openjdk-git\hotspot\src\share\vm\interpreter\link

Events (10 events):
Event: 4.482 loading class org/gradle/api/internal/artifacts/configurations/MutationValidator$MutationType
Event: 4.482 loading class org/gradle/api/internal/artifacts/configurations/MutationValidator$MutationType done
Event: 4.482 loading class org/gradle/api/internal/artifacts/configurations/MutationValidator$MutationType
Event: 4.482 loading class org/gradle/api/internal/artifacts/configurations/MutationValidator$MutationType done
Event: 4.482 loading class org/gradle/api/internal/artifacts/configurations/MutationValidator
Event: 4.482 loading class org/gradle/api/internal/artifacts/configurations/MutationValidator done
Event: 4.482 loading class org/gradle/api/internal/artifacts/cache/DependencyResolutionControl
Event: 4.482 loading class org/gradle/api/internal/artifacts/cache/DependencyResolutionControl done
Event: 4.483 loading class org/gradle/api/internal/artifacts/cache/ResolutionControl
Event: 4.483 loading class org/gradle/api/internal/artifacts/cache/ResolutionControl done


Dynamic libraries:
0x00007ff7aef40000 - 0x00007ff7aef71000 	C:\Program Files\Android\Android Studio\jre\bin\java.exe
0x00007ff88fe10000 - 0x00007ff890005000 	C:\WINDOWS\SYSTEM32\ntdll.dll
0x00007ff88f280000 - 0x00007ff88f33d000 	C:\WINDOWS\System32\KERNEL32.DLL
0x00007ff88d9f0000 - 0x00007ff88dcb9000 	C:\WINDOWS\System32\KERNELBASE.dll
0x00007ff88fb50000 - 0x00007ff88fbfc000 	C:\WINDOWS\System32\ADVAPI32.dll
0x00007ff88fc00000 - 0x00007ff88fc9e000 	C:\WINDOWS\System32\msvcrt.dll
0x00007ff88e810000 - 0x00007ff88e8ac000 	C:\WINDOWS\System32\sechost.dll
0x00007ff88fca0000 - 0x00007ff88fdcb000 	C:\WINDOWS\System32\RPCRT4.dll
0x00007ff88dfa0000 - 0x00007ff88e140000 	C:\WINDOWS\System32\USER32.dll
0x00007ff88dd20000 - 0x00007ff88dd42000 	C:\WINDOWS\System32\win32u.dll
0x00007ff88f250000 - 0x00007ff88f27a000 	C:\WINDOWS\System32\GDI32.dll
0x00007ff88d860000 - 0x00007ff88d96b000 	C:\WINDOWS\System32\gdi32full.dll
0x00007ff88ddd0000 - 0x00007ff88de6d000 	C:\WINDOWS\System32\msvcp_win.dll
0x00007ff88d6b0000 - 0x00007ff88d7b0000 	C:\WINDOWS\System32\ucrtbase.dll
0x00007ff873e20000 - 0x00007ff8740ba000 	C:\WINDOWS\WinSxS\amd64_microsoft.windows.common-controls_6595b64144ccf1df_6.0.19041.844_none_ca00b6081b84eb1d\COMCTL32.dll
0x00007ff88fb00000 - 0x00007ff88fb30000 	C:\WINDOWS\System32\IMM32.DLL
0x00000000541a0000 - 0x0000000054272000 	C:\Program Files\Android\Android Studio\jre\jre\bin\msvcr100.dll
0x0000000054360000 - 0x0000000054bab000 	C:\Program Files\Android\Android Studio\jre\jre\bin\server\jvm.dll
0x00007ff88e910000 - 0x00007ff88e918000 	C:\WINDOWS\System32\PSAPI.DLL
0x00007ff86c3b0000 - 0x00007ff86c3d7000 	C:\WINDOWS\SYSTEM32\WINMM.dll
0x00007ff883d00000 - 0x00007ff883d0a000 	C:\WINDOWS\SYSTEM32\VERSION.dll
0x00007ff884ef0000 - 0x00007ff884ef9000 	C:\WINDOWS\SYSTEM32\WSOCK32.dll
0x00007ff88e730000 - 0x00007ff88e79b000 	C:\WINDOWS\System32\WS2_32.dll
0x00007ff86c190000 - 0x00007ff86c19f000 	C:\Program Files\Android\Android Studio\jre\jre\bin\verify.dll
0x00007ff821180000 - 0x00007ff8211a9000 	C:\Program Files\Android\Android Studio\jre\jre\bin\java.dll
0x00007ff83fc00000 - 0x00007ff83fc16000 	C:\Program Files\Android\Android Studio\jre\jre\bin\zip.dll
0x00007ff88ea50000 - 0x00007ff88f192000 	C:\WINDOWS\System32\SHELL32.dll
0x00007ff88b690000 - 0x00007ff88be20000 	C:\WINDOWS\SYSTEM32\windows.storage.dll
0x00007ff88e140000 - 0x00007ff88e495000 	C:\WINDOWS\System32\combase.dll
0x00007ff88cfc0000 - 0x00007ff88cfec000 	C:\WINDOWS\SYSTEM32\Wldp.dll
0x00007ff88f840000 - 0x00007ff88f8ee000 	C:\WINDOWS\System32\SHCORE.dll
0x00007ff88e8b0000 - 0x00007ff88e905000 	C:\WINDOWS\System32\shlwapi.dll
0x00007ff88d490000 - 0x00007ff88d4af000 	C:\WINDOWS\SYSTEM32\profapi.dll
0x00007ff820cf0000 - 0x00007ff820d0a000 	C:\Program Files\Android\Android Studio\jre\jre\bin\net.dll
0x00007ff88cd40000 - 0x00007ff88cdaa000 	C:\WINDOWS\system32\mswsock.dll
0x00007ff820870000 - 0x00007ff820883000 	C:\Program Files\Android\Android Studio\jre\jre\bin\nio.dll
0x00007ff870b00000 - 0x00007ff870b27000 	C:\Users\Thuy\.gradle\native\f6784746aeab05261644944871eae4fe03e0ef1612fff0a4a95f87b438bc6780\windows-amd64\native-platform.dll
0x00007ff862450000 - 0x00007ff86245d000 	C:\Program Files\Android\Android Studio\jre\jre\bin\management.dll
0x00007ff88cf10000 - 0x00007ff88cf28000 	C:\WINDOWS\SYSTEM32\CRYPTSP.dll
0x00007ff88c670000 - 0x00007ff88c6a4000 	C:\WINDOWS\system32\rsaenh.dll
0x00007ff88d970000 - 0x00007ff88d997000 	C:\WINDOWS\System32\bcrypt.dll
0x00007ff88d450000 - 0x00007ff88d47e000 	C:\WINDOWS\SYSTEM32\USERENV.dll
0x00007ff88dd50000 - 0x00007ff88ddd0000 	C:\WINDOWS\System32\bcryptprimitives.dll
0x00007ff88cf30000 - 0x00007ff88cf3c000 	C:\WINDOWS\SYSTEM32\CRYPTBASE.dll
0x00007ff88c9e0000 - 0x00007ff88ca1b000 	C:\WINDOWS\SYSTEM32\IPHLPAPI.DLL
0x00007ff88de70000 - 0x00007ff88de78000 	C:\WINDOWS\System32\NSI.dll
0x00007ff881b90000 - 0x00007ff881ba7000 	C:\WINDOWS\SYSTEM32\dhcpcsvc6.DLL
0x00007ff8825c0000 - 0x00007ff8825dd000 	C:\WINDOWS\SYSTEM32\dhcpcsvc.DLL
0x00007ff88ca20000 - 0x00007ff88caeb000 	C:\WINDOWS\SYSTEM32\DNSAPI.dll
0x00007ff882aa0000 - 0x00007ff882aab000 	C:\WINDOWS\SYSTEM32\WINNSI.DLL

VM Arguments:
jvm_args: -Xmx2048m -Dfile.encoding=UTF-8 -Duser.country=US -Duser.language=en -Duser.variant 
java_command: org.gradle.launcher.daemon.bootstrap.GradleDaemon 6.5
java_class_path (initial): C:\Users\Thuy\.gradle\wrapper\dists\gradle-6.5-bin\6nifqtx7604sqp1q6g8wikw7p\gradle-6.5\lib\gradle-launcher-6.5.jar
Launcher Type: SUN_STANDARD

Environment Variables:
JAVA_HOME=C:\Program Files\Java\jdk-15.0.2
PATH=C:\Program Files (x86)\Common Files\Oracle\Java\javapath;C:\Windows\system32;C:\Windows;C:\Windows\System32\Wbem;C:\Windows\System32\WindowsPowerShell\v1.0\;C:\Windows\System32\OpenSSH\;C:\Program Files (x86)\NVIDIA Corporation\PhysX\Common;C:\Program Files\NVIDIA Corporation\NVIDIA NvDLISR;C:\Program Files\Git\cmd;C:\WINDOWS\system32;C:\WINDOWS;C:\WINDOWS\System32\Wbem;C:\WINDOWS\System32\WindowsPowerShell\v1.0\;C:\WINDOWS\System32\OpenSSH\;C:\Program Files\Java\jdk-15.0.2\bin;C:\Users\Thuy\AppData\Local\Microsoft\WindowsApps;;D:\Microsoft VS Code\bin
USERNAME=Thu Thuy
OS=Windows_NT
PROCESSOR_IDENTIFIER=Intel64 Family 6 Model 142 Stepping 10, GenuineIntel



---------------  S Y S T E M  ---------------

OS: Windows 10.0 , 64 bit Build 19041 (10.0.19041.804)

CPU:total 8 (initial active 8) (4 cores per cpu, 2 threads per core) family 6 model 142 stepping 10, cmov, cx8, fxsr, mmx, sse, sse2, sse3, ssse3, sse4.1, sse4.2, popcnt, avx, avx2, aes, clmul, erms, 3dnowpref, lzcnt, ht, tsc, tscinvbit, bmi1, bmi2, adx

Memory: 4k page, physical 8268368k(129128k free), swap 33434192k(4444k free)

vm_info: OpenJDK 64-Bit Server VM (25.242-b01) for windows-amd64 JRE (1.8.0_242-release-1644-b01), built by "builder" with MS VC++ 10.0 (VS2010)

time: Sun Mar 14 12:25:29 2021
timezone: SE Asia Standard Time
elapsed time: 4 seconds (0d 0h 0m 4s)

