#
# There is insufficient memory for the Java Runtime Environment to continue.
# Native memory allocation (malloc) failed to allocate 918336 bytes for Chunk::new
# Possible reasons:
#   The system is out of physical RAM or swap space
#   The process is running with CompressedOops enabled, and the Java Heap may be blocking the growth of the native heap
# Possible solutions:
#   Reduce memory load on the system
#   Increase physical memory or swap space
#   Check if swap backing store is full
#   Decrease Java heap size (-Xmx/-Xms)
#   Decrease number of Java threads
#   Decrease Java thread stack sizes (-Xss)
#   Set larger code cache with -XX:ReservedCodeCacheSize=
#   JVM is running with Unscaled Compressed Oops mode in which the Java heap is
#     placed in the first 4GB address space. The Java Heap base address is the
#     maximum limit for the native heap growth. Please use -XX:HeapBaseMinAddress
#     to set the Java Heap base and to place the Java Heap above 4GB virtual address.
# This output file may be truncated or incomplete.
#
#  Out of Memory Error (allocation.cpp:389), pid=19392, tid=0x0000000000004878
#
# JRE version: OpenJDK Runtime Environment (8.0_242-b01) (build 1.8.0_242-release-1644-b01)
# Java VM: OpenJDK 64-Bit Server VM (25.242-b01 mixed mode windows-amd64 compressed oops)
# Failed to write core dump. Minidumps are not enabled by default on client versions of Windows
#

---------------  T H R E A D  ---------------

Current thread (0x0000000017d7c000):  JavaThread "C2 CompilerThread1" daemon [_thread_in_native, id=18552, stack(0x000000001a540000,0x000000001a640000)]

Stack: [0x000000001a540000,0x000000001a640000]
[error occurred during error reporting (printing stack bounds), id 0xc0000005]

Native frames: (J=compiled Java code, j=interpreted, Vv=VM code, C=native code)


Current CompileTask:
C2:   9203 5129 %     4       org.gradle.internal.instantiation.generator.AbstractClassGenerator::inspectType @ 107 (560 bytes)


---------------  P R O C E S S  ---------------

Java Threads: ( => current thread )
  0x000000001fcf0800 JavaThread "Cache worker for file content cache (C:\Users\Thuy\AndroidStudioProjects\MyFriends\.gradle\6.5\fileContent)" [_thread_blocked, id=12772, stack(0x000000002bce0000,0x000000002bde0000)]
  0x000000001f2de000 JavaThread "Memory manager" [_thread_blocked, id=12220, stack(0x000000002a1f0000,0x000000002a2f0000)]
  0x000000001f2dd000 JavaThread "Cache worker for Build Output Cleanup Cache (C:\Users\Thuy\AndroidStudioProjects\MyFriends\.gradle\buildOutputCleanup)" [_thread_blocked, id=16836, stack(0x0000000029af0000,0x0000000029bf0000)]
  0x000000001f2db800 JavaThread "jar transforms Thread 92" [_thread_blocked, id=17344, stack(0x00000000297f0000,0x00000000298f0000)]
  0x000000001f2d8800 JavaThread "jar transforms Thread 91" [_thread_blocked, id=17524, stack(0x00000000296f0000,0x00000000297f0000)]
  0x000000001f2df800 JavaThread "jar transforms Thread 90" [_thread_blocked, id=1528, stack(0x00000000295f0000,0x00000000296f0000)]
  0x000000001f2db000 JavaThread "jar transforms Thread 89" [_thread_blocked, id=11756, stack(0x00000000294f0000,0x00000000295f0000)]
  0x000000001f2d9800 JavaThread "jar transforms Thread 88" [_thread_blocked, id=11704, stack(0x00000000293f0000,0x00000000294f0000)]
  0x000000001f2da000 JavaThread "jar transforms Thread 87" [_thread_blocked, id=7448, stack(0x00000000292f0000,0x00000000293f0000)]
  0x000000001f2de800 JavaThread "jar transforms Thread 86" [_thread_blocked, id=7376, stack(0x00000000291f0000,0x00000000292f0000)]
  0x000000001f2d1000 JavaThread "jar transforms Thread 85" [_thread_blocked, id=19760, stack(0x00000000290f0000,0x00000000291f0000)]
  0x000000001f2d8000 JavaThread "jar transforms Thread 84" [_thread_blocked, id=10848, stack(0x0000000028ff0000,0x00000000290f0000)]
  0x000000001f2d3800 JavaThread "jar transforms Thread 83" [_thread_blocked, id=14712, stack(0x0000000028ef0000,0x0000000028ff0000)]
  0x000000001f2d0800 JavaThread "jar transforms Thread 82" [_thread_blocked, id=10232, stack(0x0000000028df0000,0x0000000028ef0000)]
  0x000000001f2d2000 JavaThread "jar transforms Thread 81" [_thread_blocked, id=14680, stack(0x0000000028cf0000,0x0000000028df0000)]
  0x000000001f2d6800 JavaThread "jar transforms Thread 80" [_thread_blocked, id=19780, stack(0x0000000028bf0000,0x0000000028cf0000)]
  0x000000001f2d5800 JavaThread "jar transforms Thread 79" [_thread_blocked, id=15744, stack(0x0000000028af0000,0x0000000028bf0000)]
  0x000000001f2d5000 JavaThread "jar transforms Thread 78" [_thread_blocked, id=9704, stack(0x00000000289f0000,0x0000000028af0000)]
  0x000000001f2d2800 JavaThread "jar transforms Thread 77" [_thread_blocked, id=8440, stack(0x00000000288f0000,0x00000000289f0000)]
  0x000000001f2d4000 JavaThread "jar transforms Thread 76" [_thread_blocked, id=9772, stack(0x00000000287f0000,0x00000000288f0000)]
  0x000000001f2d7000 JavaThread "jar transforms Thread 75" [_thread_blocked, id=10264, stack(0x00000000286f0000,0x00000000287f0000)]
  0x000000001ff16000 JavaThread "jar transforms Thread 74" [_thread_blocked, id=18212, stack(0x00000000285f0000,0x00000000286f0000)]
  0x000000001ff1a000 JavaThread "jar transforms Thread 73" [_thread_blocked, id=20304, stack(0x00000000284f0000,0x00000000285f0000)]
  0x000000001ff15800 JavaThread "jar transforms Thread 72" [_thread_blocked, id=19136, stack(0x00000000283f0000,0x00000000284f0000)]
  0x000000001ff19000 JavaThread "jar transforms Thread 71" [_thread_blocked, id=1636, stack(0x00000000282f0000,0x00000000283f0000)]
  0x000000001ff18800 JavaThread "jar transforms Thread 70" [_thread_blocked, id=18020, stack(0x00000000281f0000,0x00000000282f0000)]
  0x000000001ff14800 JavaThread "jar transforms Thread 69" [_thread_blocked, id=16860, stack(0x00000000280f0000,0x00000000281f0000)]
  0x000000001ff17000 JavaThread "jar transforms Thread 68" [_thread_blocked, id=16472, stack(0x0000000027ff0000,0x00000000280f0000)]
  0x000000001ff14000 JavaThread "jar transforms Thread 67" [_thread_blocked, id=18952, stack(0x0000000027ef0000,0x0000000027ff0000)]
  0x000000001ff17800 JavaThread "jar transforms Thread 66" [_thread_blocked, id=17176, stack(0x0000000027df0000,0x0000000027ef0000)]
  0x000000001ff13000 JavaThread "jar transforms Thread 65" [_thread_blocked, id=13660, stack(0x0000000027cf0000,0x0000000027df0000)]
  0x000000001ff0b800 JavaThread "jar transforms Thread 64" [_thread_blocked, id=11652, stack(0x0000000027bf0000,0x0000000027cf0000)]
  0x000000001ff0e000 JavaThread "jar transforms Thread 63" [_thread_blocked, id=20056, stack(0x0000000027af0000,0x0000000027bf0000)]
  0x000000001ff12800 JavaThread "jar transforms Thread 62" [_thread_blocked, id=7716, stack(0x00000000279f0000,0x0000000027af0000)]
  0x000000001ff0b000 JavaThread "jar transforms Thread 61" [_thread_blocked, id=20352, stack(0x00000000278f0000,0x00000000279f0000)]
  0x000000001ff11800 JavaThread "jar transforms Thread 60" [_thread_blocked, id=14508, stack(0x00000000277f0000,0x00000000278f0000)]
  0x000000001ff0c800 JavaThread "jar transforms Thread 59" [_thread_blocked, id=17652, stack(0x00000000276f0000,0x00000000277f0000)]
  0x000000001ff0f800 JavaThread "jar transforms Thread 58" [_thread_blocked, id=8408, stack(0x00000000275f0000,0x00000000276f0000)]
  0x000000001ff0d000 JavaThread "jar transforms Thread 57" [_thread_blocked, id=18104, stack(0x00000000274f0000,0x00000000275f0000)]
  0x000000001ff0e800 JavaThread "jar transforms Thread 56" [_thread_blocked, id=17172, stack(0x00000000273f0000,0x00000000274f0000)]
  0x000000001ff11000 JavaThread "jar transforms Thread 55" [_thread_blocked, id=5096, stack(0x00000000272f0000,0x00000000273f0000)]
  0x000000001ff10000 JavaThread "jar transforms Thread 54" [_thread_blocked, id=15792, stack(0x00000000271f0000,0x00000000272f0000)]
  0x000000001b9cd800 JavaThread "jar transforms Thread 53" [_thread_blocked, id=9988, stack(0x00000000270f0000,0x00000000271f0000)]
  0x000000001b9cc800 JavaThread "jar transforms Thread 52" [_thread_blocked, id=19788, stack(0x0000000026ff0000,0x00000000270f0000)]
  0x000000001b9cb000 JavaThread "jar transforms Thread 51" [_thread_blocked, id=7492, stack(0x0000000026ef0000,0x0000000026ff0000)]
  0x000000001b9c8000 JavaThread "jar transforms Thread 50" [_thread_blocked, id=20148, stack(0x0000000026df0000,0x0000000026ef0000)]
  0x000000001b9c9000 JavaThread "jar transforms Thread 49" [_thread_blocked, id=18524, stack(0x0000000026cf0000,0x0000000026df0000)]
  0x000000001b9ce000 JavaThread "jar transforms Thread 48" [_thread_blocked, id=9900, stack(0x0000000026bf0000,0x0000000026cf0000)]
  0x000000001b9cc000 JavaThread "jar transforms Thread 47" [_thread_blocked, id=16880, stack(0x0000000026af0000,0x0000000026bf0000)]
  0x000000001b9c3800 JavaThread "jar transforms Thread 46" [_thread_blocked, id=16076, stack(0x00000000269f0000,0x0000000026af0000)]
  0x000000001b9ca800 JavaThread "jar transforms Thread 45" [_thread_blocked, id=7152, stack(0x00000000268f0000,0x00000000269f0000)]
  0x000000001b9c9800 JavaThread "jar transforms Thread 44" [_thread_blocked, id=19348, stack(0x00000000267f0000,0x00000000268f0000)]
  0x000000001b9c2000 JavaThread "jar transforms Thread 43" [_thread_blocked, id=19512, stack(0x00000000266f0000,0x00000000267f0000)]
  0x000000001b9c0800 JavaThread "jar transforms Thread 42" [_thread_blocked, id=2536, stack(0x00000000265f0000,0x00000000266f0000)]
  0x000000001b9c7800 JavaThread "jar transforms Thread 41" [_thread_blocked, id=12500, stack(0x00000000264f0000,0x00000000265f0000)]
  0x000000001b9c1800 JavaThread "jar transforms Thread 40" [_thread_blocked, id=3248, stack(0x00000000263f0000,0x00000000264f0000)]
  0x000000001b9c6800 JavaThread "jar transforms Thread 39" [_thread_blocked, id=3012, stack(0x00000000262f0000,0x00000000263f0000)]
  0x000000001b9bf000 JavaThread "jar transforms Thread 38" [_thread_blocked, id=16348, stack(0x00000000261f0000,0x00000000262f0000)]
  0x000000001b9c5000 JavaThread "jar transforms Thread 37" [_thread_blocked, id=19524, stack(0x00000000260f0000,0x00000000261f0000)]
  0x000000001b9c6000 JavaThread "jar transforms Thread 36" [_thread_blocked, id=9096, stack(0x0000000025ff0000,0x00000000260f0000)]
  0x000000001b9bf800 JavaThread "jar transforms Thread 35" [_thread_blocked, id=16244, stack(0x0000000025ef0000,0x0000000025ff0000)]
  0x000000001b9c4800 JavaThread "jar transforms Thread 34" [_thread_blocked, id=16380, stack(0x0000000025df0000,0x0000000025ef0000)]
  0x000000001b9c3000 JavaThread "jar transforms Thread 33" [_thread_blocked, id=8916, stack(0x0000000025cf0000,0x0000000025df0000)]
  0x00000000204e4000 JavaThread "jar transforms Thread 32" [_thread_blocked, id=11960, stack(0x0000000025bf0000,0x0000000025cf0000)]
  0x00000000204e3000 JavaThread "jar transforms Thread 31" [_thread_blocked, id=11824, stack(0x0000000025af0000,0x0000000025bf0000)]
  0x00000000204db800 JavaThread "jar transforms Thread 30" [_thread_blocked, id=15696, stack(0x00000000259f0000,0x0000000025af0000)]
  0x00000000204e1800 JavaThread "jar transforms Thread 29" [_thread_blocked, id=2540, stack(0x00000000258f0000,0x00000000259f0000)]
  0x00000000204e2800 JavaThread "jar transforms Thread 28" [_thread_blocked, id=13036, stack(0x00000000257f0000,0x00000000258f0000)]
  0x00000000204e1000 JavaThread "jar transforms Thread 27" [_thread_blocked, id=2160, stack(0x00000000256f0000,0x00000000257f0000)]
  0x00000000204d9800 JavaThread "jar transforms Thread 26" [_thread_blocked, id=16368, stack(0x00000000255f0000,0x00000000256f0000)]
  0x00000000204df800 JavaThread "jar transforms Thread 25" [_thread_blocked, id=7372, stack(0x00000000254f0000,0x00000000255f0000)]
  0x00000000204de800 JavaThread "jar transforms Thread 24" [_thread_blocked, id=16072, stack(0x00000000253f0000,0x00000000254f0000)]
  0x00000000204de000 JavaThread "jar transforms Thread 23" [_thread_blocked, id=17288, stack(0x00000000252f0000,0x00000000253f0000)]
  0x00000000204da000 JavaThread "jar transforms Thread 22" [_thread_blocked, id=16424, stack(0x00000000251f0000,0x00000000252f0000)]
  0x00000000204e0000 JavaThread "jar transforms Thread 21" [_thread_blocked, id=16092, stack(0x00000000250f0000,0x00000000251f0000)]
  0x00000000204d6800 JavaThread "jar transforms Thread 20" [_thread_blocked, id=11336, stack(0x0000000024ff0000,0x00000000250f0000)]
  0x00000000204d8800 JavaThread "jar transforms Thread 19" [_thread_blocked, id=19736, stack(0x0000000024ef0000,0x0000000024ff0000)]
  0x00000000204dd000 JavaThread "jar transforms Thread 18" [_thread_blocked, id=20412, stack(0x0000000024df0000,0x0000000024ef0000)]
  0x00000000204db000 JavaThread "jar transforms Thread 17" [_thread_blocked, id=1856, stack(0x0000000024cf0000,0x0000000024df0000)]
  0x00000000204dc800 JavaThread "jar transforms Thread 16" [_thread_blocked, id=15584, stack(0x0000000024bf0000,0x0000000024cf0000)]
  0x00000000204d8000 JavaThread "jar transforms Thread 15" [_thread_blocked, id=19052, stack(0x0000000024af0000,0x0000000024bf0000)]
  0x00000000204d5000 JavaThread "jar transforms Thread 14" [_thread_blocked, id=8968, stack(0x00000000249f0000,0x0000000024af0000)]
  0x00000000204d5800 JavaThread "jar transforms Thread 13" [_thread_blocked, id=17364, stack(0x00000000248f0000,0x00000000249f0000)]
  0x00000000204d7000 JavaThread "jar transforms Thread 12" [_thread_blocked, id=16056, stack(0x00000000247f0000,0x00000000248f0000)]
  0x000000001c4fd000 JavaThread "jar transforms Thread 11" [_thread_blocked, id=9172, stack(0x00000000246f0000,0x00000000247f0000)]
  0x000000001c4f8000 JavaThread "jar transforms Thread 10" [_thread_blocked, id=16100, stack(0x00000000245f0000,0x00000000246f0000)]
  0x000000001c4f7000 JavaThread "jar transforms Thread 9" [_thread_blocked, id=1016, stack(0x00000000244f0000,0x00000000245f0000)]
  0x000000001c4fc800 JavaThread "jar transforms Thread 8" [_thread_blocked, id=15848, stack(0x00000000243f0000,0x00000000244f0000)]
  0x000000001c4fa000 JavaThread "jar transforms Thread 7" [_thread_blocked, id=13224, stack(0x00000000242f0000,0x00000000243f0000)]
  0x000000001c4f8800 JavaThread "jar transforms Thread 6" [_thread_blocked, id=16436, stack(0x00000000241f0000,0x00000000242f0000)]
  0x000000001c4f9800 JavaThread "jar transforms Thread 5" [_thread_blocked, id=19448, stack(0x00000000240f0000,0x00000000241f0000)]
  0x000000001c4fb800 JavaThread "jar transforms Thread 4" [_thread_blocked, id=20168, stack(0x0000000023660000,0x0000000023760000)]
  0x000000001c4fb000 JavaThread "jar transforms Thread 3" [_thread_blocked, id=10536, stack(0x0000000023560000,0x0000000023660000)]
  0x000000001c4ef800 JavaThread "jar transforms Thread 2" [_thread_blocked, id=16444, stack(0x0000000023460000,0x0000000023560000)]
  0x000000001c4f1000 JavaThread "Build operations Thread 8" [_thread_blocked, id=8220, stack(0x0000000023ef0000,0x0000000023ff0000)]
  0x000000001c4f6800 JavaThread "Build operations Thread 7" [_thread_blocked, id=13868, stack(0x0000000023df0000,0x0000000023ef0000)]
  0x000000001c4f5800 JavaThread "Build operations Thread 6" [_thread_blocked, id=11196, stack(0x0000000023cf0000,0x0000000023df0000)]
  0x000000001c4ee000 JavaThread "Build operations Thread 5" [_thread_blocked, id=11420, stack(0x0000000023bf0000,0x0000000023cf0000)]
  0x000000001c4f0800 JavaThread "Build operations Thread 4" [_thread_blocked, id=13952, stack(0x0000000023af0000,0x0000000023bf0000)]
  0x000000001c4f2800 JavaThread "Build operations Thread 3" [_thread_blocked, id=14496, stack(0x00000000239f0000,0x0000000023af0000)]
  0x000000001c4ef000 JavaThread "Build operations Thread 2" [_thread_blocked, id=14992, stack(0x00000000238f0000,0x00000000239f0000)]
  0x000000001c4f5000 JavaThread "Build operations" [_thread_blocked, id=1536, stack(0x00000000237f0000,0x00000000238f0000)]
  0x000000001c79d000 JavaThread "Cache worker for file content cache (C:\Users\Thuy\.gradle\caches\6.5\fileContent)" [_thread_blocked, id=10036, stack(0x0000000022d60000,0x0000000022e60000)]
  0x000000001c79c000 JavaThread "jar transforms" [_thread_blocked, id=18596, stack(0x0000000022c60000,0x0000000022d60000)]
  0x000000001c7a0800 JavaThread "Cache worker for execution history cache (C:\Users\Thuy\.gradle\caches\6.5\executionHistory)" [_thread_blocked, id=6376, stack(0x0000000022560000,0x0000000022660000)]
  0x000000001c7a0000 JavaThread "Cache worker for cache directory md-rule (C:\Users\Thuy\.gradle\caches\6.5\md-rule)" [_thread_blocked, id=11228, stack(0x0000000022460000,0x0000000022560000)]
  0x000000001c7a3000 JavaThread "Cache worker for cache directory md-supplier (C:\Users\Thuy\.gradle\caches\6.5\md-supplier)" [_thread_blocked, id=15864, stack(0x0000000022360000,0x0000000022460000)]
  0x000000001c79f000 JavaThread "Cache worker for checksums cache (C:\Users\Thuy\AndroidStudioProjects\MyFriends\.gradle\checksums)" [_thread_blocked, id=16416, stack(0x0000000021000000,0x0000000021100000)]
  0x000000001c7a2000 JavaThread "Cache worker for file hash cache (C:\Users\Thuy\AndroidStudioProjects\MyFriends\.gradle\6.5\fileHashes)" [_thread_blocked, id=15812, stack(0x0000000020d00000,0x0000000020e00000)]
  0x000000001c79e800 JavaThread "Cache worker for file hash cache (C:\Users\Thuy\.gradle\caches\6.5\fileHashes)" [_thread_blocked, id=5628, stack(0x000000001ea60000,0x000000001eb60000)]
  0x000000001c7a1800 JavaThread "File lock request listener" [_thread_in_native, id=11664, stack(0x000000001e960000,0x000000001ea60000)]
  0x000000001c79a800 JavaThread "Cache worker for journal cache (C:\Users\Thuy\.gradle\caches\journal-1)" [_thread_blocked, id=19880, stack(0x000000001e860000,0x000000001e960000)]
  0x000000001b5ce800 JavaThread "Thread-9" [_thread_blocked, id=9584, stack(0x000000001e560000,0x000000001e660000)]
  0x000000001bdc0000 JavaThread "Stdin handler" [_thread_blocked, id=16188, stack(0x000000001e460000,0x000000001e560000)]
  0x000000001bdbe000 JavaThread "Asynchronous log dispatcher for DefaultDaemonConnection: socket connection from /127.0.0.1:63777 to /127.0.0.1:63778" [_thread_blocked, id=7056, stack(0x000000001e360000,0x000000001e460000)]
  0x000000001ab4c000 JavaThread "Daemon worker" [_thread_in_native, id=19932, stack(0x000000001e260000,0x000000001e360000)]
  0x000000001c423000 JavaThread "Cancel handler" [_thread_blocked, id=10884, stack(0x000000001e160000,0x000000001e260000)]
  0x000000001c431000 JavaThread "Handler for socket connection from /127.0.0.1:63777 to /127.0.0.1:63778" [_thread_in_native, id=14656, stack(0x000000001e060000,0x000000001e160000)]
  0x000000001c442800 JavaThread "Daemon" [_thread_blocked, id=20448, stack(0x000000001df60000,0x000000001e060000)]
  0x000000001c42d000 JavaThread "Daemon periodic checks" [_thread_blocked, id=1264, stack(0x000000001dc60000,0x000000001dd60000)]
  0x000000001c3a6000 JavaThread "Incoming local TCP Connector on port 63777" [_thread_in_native, id=12620, stack(0x000000001da20000,0x000000001db20000)]
  0x0000000019c9a800 JavaThread "Daemon health stats" [_thread_blocked, id=18508, stack(0x000000001d3e0000,0x000000001d4e0000)]
  0x0000000019bfe000 JavaThread "Service Thread" daemon [_thread_blocked, id=9752, stack(0x000000001a840000,0x000000001a940000)]
  0x0000000019b7a800 JavaThread "C1 CompilerThread3" daemon [_thread_blocked, id=10164, stack(0x000000001a740000,0x000000001a840000)]
  0x0000000017d7e800 JavaThread "C2 CompilerThread2" daemon [_thread_in_native, id=11496, stack(0x000000001a640000,0x000000001a740000)]
=>0x0000000017d7c000 JavaThread "C2 CompilerThread1" daemon [_thread_in_native, id=18552, stack(0x000000001a540000,0x000000001a640000)]
  0x0000000019b74000 JavaThread "C2 CompilerThread0" daemon [_thread_in_native, id=16964, stack(0x000000001a440000,0x000000001a540000)]
  0x0000000019b73800 JavaThread "Attach Listener" daemon [_thread_blocked, id=13808, stack(0x000000001a340000,0x000000001a440000)]
  0x0000000019b76000 JavaThread "Signal Dispatcher" daemon [_thread_blocked, id=20084, stack(0x000000001a240000,0x000000001a340000)]
  0x0000000019b60800 JavaThread "Finalizer" daemon [_thread_blocked, id=9040, stack(0x000000001a040000,0x000000001a140000)]
  0x0000000017d6c800 JavaThread "Reference Handler" daemon [_thread_blocked, id=8428, stack(0x0000000019f40000,0x000000001a040000)]
  0x0000000002a4e000 JavaThread "main" [_thread_blocked, id=11568, stack(0x0000000002b00000,0x0000000002c00000)]

Other Threads:
  0x0000000017d67800 VMThread [stack: 0x0000000019a40000,0x0000000019b40000] [id=14272]
  0x0000000019bff000 WatcherThread [stack: 0x000000001a940000,0x000000001aa40000] [id=15588]

VM state:not at safepoint (normal execution)

VM Mutex/Monitor currently owned by a thread: None

heap address: 0x0000000080000000, size: 2048 MB, Compressed Oops mode: 32-bit
Narrow klass base: 0x0000000000000000, Narrow klass shift: 3
Compressed class space size: 1073741824 Address: 0x0000000100000000

Heap:
 PSYoungGen      total 269824K, used 28576K [0x00000000d5580000, 0x00000000e9280000, 0x0000000100000000)
  eden space 249344K, 11% used [0x00000000d5580000,0x00000000d7168018,0x00000000e4900000)
  from space 20480K, 0% used [0x00000000e5d80000,0x00000000e5d80000,0x00000000e7180000)
  to   space 20992K, 0% used [0x00000000e4900000,0x00000000e4900000,0x00000000e5d80000)
 ParOldGen       total 68096K, used 29022K [0x0000000080000000, 0x0000000084280000, 0x00000000d5580000)
  object space 68096K, 42% used [0x0000000080000000,0x0000000081c57ab8,0x0000000084280000)
 Metaspace       used 58747K, capacity 61106K, committed 61336K, reserved 1101824K
  class space    used 8105K, capacity 8594K, committed 8624K, reserved 1048576K

Card table byte_map: [0x00000000120c0000,0x00000000124d0000] byte_map_base: 0x0000000011cc0000

Marking Bits: (ParMarkBitMap*) 0x0000000054b2f030
 Begin Bits: [0x0000000012f80000, 0x0000000014f80000)
 End Bits:   [0x0000000014f80000, 0x0000000016f80000)

Polling page: 0x00000000029d0000

CodeCache: size=245760Kb used=16541Kb max_used=16541Kb free=229218Kb
 bounds [0x0000000002d00000, 0x0000000003d40000, 0x0000000011d00000]
 total_blobs=5600 nmethods=4824 adapters=688
 compilation: enabled

Compilation events (10 events):
Event: 9.166 Thread 0x0000000019b7a800 nmethod 5296 0x0000000003887ed0 code [0x0000000003888020, 0x0000000003888130]
Event: 9.166 Thread 0x0000000019b7a800 5298       3       java.util.Collections$UnmodifiableCollection::size (10 bytes)
Event: 9.166 Thread 0x0000000019b7a800 nmethod 5298 0x000000000336e650 code [0x000000000336e7c0, 0x000000000336e9e8]
Event: 9.166 Thread 0x0000000019b7a800 5297       1       javax.xml.namespace.QName::getLocalPart (5 bytes)
Event: 9.166 Thread 0x0000000019b7a800 nmethod 5297 0x00000000032d5990 code [0x00000000032d5ae0, 0x00000000032d5bf0]
Event: 9.166 Thread 0x0000000019b7a800 5299       1       com.sun.xml.bind.v2.model.impl.TypeRefImpl::getTagName (5 bytes)
Event: 9.166 Thread 0x0000000019b7a800 nmethod 5299 0x0000000002eb40d0 code [0x0000000002eb4220, 0x0000000002eb4330]
Event: 9.198 Thread 0x0000000019b7a800 5302       3       java.util.regex.Pattern$BmpCharProperty::match (50 bytes)
Event: 9.201 Thread 0x0000000019b7a800 nmethod 5302 0x0000000003d32bd0 code [0x0000000003d32d60, 0x0000000003d33208]
Event: 9.201 Thread 0x0000000019b7a800 5303       3       java.util.regex.Pattern$Dollar::match (209 bytes)

GC Heap History (10 events):
Event: 5.128 GC heap before
{Heap before GC invocations=11 (full 2):
 PSYoungGen      total 139776K, used 11004K [0x00000000d5580000, 0x00000000e2680000, 0x0000000100000000)
  eden space 128000K, 0% used [0x00000000d5580000,0x00000000d5580000,0x00000000dd280000)
  from space 11776K, 93% used [0x00000000dd280000,0x00000000ddd3f1d0,0x00000000dde00000)
  to   space 12800K, 0% used [0x00000000e1a00000,0x00000000e1a00000,0x00000000e2680000)
 ParOldGen       total 47616K, used 6647K [0x0000000080000000, 0x0000000082e80000, 0x00000000d5580000)
  object space 47616K, 13% used [0x0000000080000000,0x000000008067de98,0x0000000082e80000)
 Metaspace       used 34285K, capacity 35406K, committed 35496K, reserved 1079296K
  class space    used 4715K, capacity 5002K, committed 5040K, reserved 1048576K
Event: 5.194 GC heap after
Heap after GC invocations=11 (full 2):
 PSYoungGen      total 139776K, used 0K [0x00000000d5580000, 0x00000000e2680000, 0x0000000100000000)
  eden space 128000K, 0% used [0x00000000d5580000,0x00000000d5580000,0x00000000dd280000)
  from space 11776K, 0% used [0x00000000dd280000,0x00000000dd280000,0x00000000dde00000)
  to   space 12800K, 0% used [0x00000000e1a00000,0x00000000e1a00000,0x00000000e2680000)
 ParOldGen       total 68096K, used 17169K [0x0000000080000000, 0x0000000084280000, 0x00000000d5580000)
  object space 68096K, 25% used [0x0000000080000000,0x00000000810c45e0,0x0000000084280000)
 Metaspace       used 34285K, capacity 35406K, committed 35496K, reserved 1079296K
  class space    used 4715K, capacity 5002K, committed 5040K, reserved 1048576K
}
Event: 6.414 GC heap before
{Heap before GC invocations=12 (full 2):
 PSYoungGen      total 139776K, used 128000K [0x00000000d5580000, 0x00000000e2680000, 0x0000000100000000)
  eden space 128000K, 100% used [0x00000000d5580000,0x00000000dd280000,0x00000000dd280000)
  from space 11776K, 0% used [0x00000000dd280000,0x00000000dd280000,0x00000000dde00000)
  to   space 12800K, 0% used [0x00000000e1a00000,0x00000000e1a00000,0x00000000e2680000)
 ParOldGen       total 68096K, used 17169K [0x0000000080000000, 0x0000000084280000, 0x00000000d5580000)
  object space 68096K, 25% used [0x0000000080000000,0x00000000810c45e0,0x0000000084280000)
 Metaspace       used 39818K, capacity 41620K, committed 41768K, reserved 1085440K
  class space    used 5493K, capacity 5858K, committed 5936K, reserved 1048576K
Event: 6.424 GC heap after
Heap after GC invocations=12 (full 2):
 PSYoungGen      total 190464K, used 9917K [0x00000000d5580000, 0x00000000e2400000, 0x0000000100000000)
  eden space 180224K, 0% used [0x00000000d5580000,0x00000000d5580000,0x00000000e0580000)
  from space 10240K, 96% used [0x00000000e1a00000,0x00000000e23af728,0x00000000e2400000)
  to   space 13312K, 0% used [0x00000000e0a00000,0x00000000e0a00000,0x00000000e1700000)
 ParOldGen       total 68096K, used 17177K [0x0000000080000000, 0x0000000084280000, 0x00000000d5580000)
  object space 68096K, 25% used [0x0000000080000000,0x00000000810c65e0,0x0000000084280000)
 Metaspace       used 39818K, capacity 41620K, committed 41768K, reserved 1085440K
  class space    used 5493K, capacity 5858K, committed 5936K, reserved 1048576K
}
Event: 8.492 GC heap before
{Heap before GC invocations=13 (full 2):
 PSYoungGen      total 190464K, used 190141K [0x00000000d5580000, 0x00000000e2400000, 0x0000000100000000)
  eden space 180224K, 100% used [0x00000000d5580000,0x00000000e0580000,0x00000000e0580000)
  from space 10240K, 96% used [0x00000000e1a00000,0x00000000e23af728,0x00000000e2400000)
  to   space 13312K, 0% used [0x00000000e0a00000,0x00000000e0a00000,0x00000000e1700000)
 ParOldGen       total 68096K, used 17177K [0x0000000080000000, 0x0000000084280000, 0x00000000d5580000)
  object space 68096K, 25% used [0x0000000080000000,0x00000000810c65e0,0x0000000084280000)
 Metaspace       used 56401K, capacity 58746K, committed 58920K, reserved 1099776K
  class space    used 7712K, capacity 8184K, committed 8240K, reserved 1048576K
Event: 8.529 GC heap after
Heap after GC invocations=13 (full 2):
 PSYoungGen      total 198144K, used 13299K [0x00000000d5580000, 0x00000000e7180000, 0x0000000100000000)
  eden space 184832K, 0% used [0x00000000d5580000,0x00000000d5580000,0x00000000e0a00000)
  from space 13312K, 99% used [0x00000000e0a00000,0x00000000e16fce30,0x00000000e1700000)
  to   space 20480K, 0% used [0x00000000e5d80000,0x00000000e5d80000,0x00000000e7180000)
 ParOldGen       total 68096K, used 31667K [0x0000000080000000, 0x0000000084280000, 0x00000000d5580000)
  object space 68096K, 46% used [0x0000000080000000,0x0000000081eeced0,0x0000000084280000)
 Metaspace       used 56401K, capacity 58746K, committed 58920K, reserved 1099776K
  class space    used 7712K, capacity 8184K, committed 8240K, reserved 1048576K
}
Event: 8.585 GC heap before
{Heap before GC invocations=14 (full 2):
 PSYoungGen      total 198144K, used 16680K [0x00000000d5580000, 0x00000000e7180000, 0x0000000100000000)
  eden space 184832K, 1% used [0x00000000d5580000,0x00000000d58cd330,0x00000000e0a00000)
  from space 13312K, 99% used [0x00000000e0a00000,0x00000000e16fce30,0x00000000e1700000)
  to   space 20480K, 0% used [0x00000000e5d80000,0x00000000e5d80000,0x00000000e7180000)
 ParOldGen       total 68096K, used 31667K [0x0000000080000000, 0x0000000084280000, 0x00000000d5580000)
  object space 68096K, 46% used [0x0000000080000000,0x0000000081eeced0,0x0000000084280000)
 Metaspace       used 56748K, capacity 59104K, committed 59160K, reserved 1099776K
  class space    used 7761K, capacity 8217K, committed 8240K, reserved 1048576K
Event: 8.643 GC heap after
Heap after GC invocations=14 (full 2):
 PSYoungGen      total 269824K, used 608K [0x00000000d5580000, 0x00000000e9280000, 0x0000000100000000)
  eden space 249344K, 0% used [0x00000000d5580000,0x00000000d5580000,0x00000000e4900000)
  from space 20480K, 2% used [0x00000000e5d80000,0x00000000e5e18000,0x00000000e7180000)
  to   space 20992K, 0% used [0x00000000e4900000,0x00000000e4900000,0x00000000e5d80000)
 ParOldGen       total 68096K, used 42988K [0x0000000080000000, 0x0000000084280000, 0x00000000d5580000)
  object space 68096K, 63% used [0x0000000080000000,0x00000000829fb348,0x0000000084280000)
 Metaspace       used 56748K, capacity 59104K, committed 59160K, reserved 1099776K
  class space    used 7761K, capacity 8217K, committed 8240K, reserved 1048576K
}
Event: 8.643 GC heap before
{Heap before GC invocations=15 (full 3):
 PSYoungGen      total 269824K, used 608K [0x00000000d5580000, 0x00000000e9280000, 0x0000000100000000)
  eden space 249344K, 0% used [0x00000000d5580000,0x00000000d5580000,0x00000000e4900000)
  from space 20480K, 2% used [0x00000000e5d80000,0x00000000e5e18000,0x00000000e7180000)
  to   space 20992K, 0% used [0x00000000e4900000,0x00000000e4900000,0x00000000e5d80000)
 ParOldGen       total 68096K, used 42988K [0x0000000080000000, 0x0000000084280000, 0x00000000d5580000)
  object space 68096K, 63% used [0x0000000080000000,0x00000000829fb348,0x0000000084280000)
 Metaspace       used 56748K, capacity 59104K, committed 59160K, reserved 1099776K
  class space    used 7761K, capacity 8217K, committed 8240K, reserved 1048576K
Event: 8.864 GC heap after
Heap after GC invocations=15 (full 3):
 PSYoungGen      total 269824K, used 0K [0x00000000d5580000, 0x00000000e9280000, 0x0000000100000000)
  eden space 249344K, 0% used [0x00000000d5580000,0x00000000d5580000,0x00000000e4900000)
  from space 20480K, 0% used [0x00000000e5d80000,0x00000000e5d80000,0x00000000e7180000)
  to   space 20992K, 0% used [0x00000000e4900000,0x00000000e4900000,0x00000000e5d80000)
 ParOldGen       total 68096K, used 29022K [0x0000000080000000, 0x0000000084280000, 0x00000000d5580000)
  object space 68096K, 42% used [0x0000000080000000,0x0000000081c57ab8,0x0000000084280000)
 Metaspace       used 56706K, capacity 58960K, committed 59160K, reserved 1099776K
  class space    used 7748K, capacity 8193K, committed 8240K, reserved 1048576K
}

Deoptimization events (10 events):
Event: 8.368 Thread 0x000000001ab4c000 Uncommon trap: reason=unstable_if action=reinterpret pc=0x00000000030534e0 method=java.util.HashMap.getNode(ILjava/lang/Object;)Ljava/util/HashMap$Node; @ 84
Event: 8.369 Thread 0x000000001ab4c000 Uncommon trap: reason=unstable_if action=reinterpret pc=0x0000000003be7eb0 method=java.util.HashMap.getNode(ILjava/lang/Object;)Ljava/util/HashMap$Node; @ 84
Event: 8.369 Thread 0x000000001ab4c000 Uncommon trap: reason=unstable_if action=reinterpret pc=0x00000000039f1864 method=java.util.HashMap.getNode(ILjava/lang/Object;)Ljava/util/HashMap$Node; @ 84
Event: 8.388 Thread 0x000000001ab4c000 Uncommon trap: reason=unstable_if action=reinterpret pc=0x0000000003783140 method=java.io.WinNTFileSystem.normalize(Ljava/lang/String;)Ljava/lang/String; @ 74
Event: 8.388 Thread 0x000000001ab4c000 Uncommon trap: reason=unstable_if action=reinterpret pc=0x000000000331f5ac method=java.io.WinNTFileSystem.normalize(Ljava/lang/String;II)Ljava/lang/String; @ 103
Event: 8.888 Thread 0x000000001ab4c000 Uncommon trap: reason=bimorphic action=maybe_recompile pc=0x0000000003a5b114 method=java.util.regex.Pattern$5.isSatisfiedBy(I)Z @ 16
Event: 8.888 Thread 0x000000001ab4c000 Uncommon trap: reason=bimorphic action=maybe_recompile pc=0x0000000003a5b114 method=java.util.regex.Pattern$5.isSatisfiedBy(I)Z @ 16
Event: 8.888 Thread 0x000000001ab4c000 Uncommon trap: reason=bimorphic action=maybe_recompile pc=0x0000000003a5b114 method=java.util.regex.Pattern$5.isSatisfiedBy(I)Z @ 16
Event: 8.888 Thread 0x000000001ab4c000 Uncommon trap: reason=bimorphic action=maybe_recompile pc=0x0000000003a5b114 method=java.util.regex.Pattern$5.isSatisfiedBy(I)Z @ 16
Event: 9.198 Thread 0x000000001ab4c000 Uncommon trap: reason=unstable_if action=reinterpret pc=0x000000000330a8a8 method=java.util.regex.Pattern$BmpCharProperty.match(Ljava/util/regex/Matcher;ILjava/lang/CharSequence;)Z @ 34

Classes redefined (0 events):
No events

Internal exceptions (10 events):
Event: 8.286 Thread 0x000000001ab4c000 Exception <a 'java/lang/ClassNotFoundException': com/android/build/gradle/internal/api/ApkVariantOutputImpl_DecoratedBeanInfo> (0x00000000df2426f8) thrown at [C:\src\AOSP-openjdk-git\hotspot\src\share\vm\classfile\systemDictionary.cpp, line 210]
Event: 8.286 Thread 0x000000001ab4c000 Exception <a 'java/lang/ClassNotFoundException': com/android/build/gradle/internal/api/ApkVariantOutputImplBeanInfo> (0x00000000df25f928) thrown at [C:\src\AOSP-openjdk-git\hotspot\src\share\vm\classfile\systemDictionary.cpp, line 210]
Event: 8.287 Thread 0x000000001ab4c000 Exception <a 'java/lang/ClassNotFoundException': com/android/build/gradle/internal/api/BaseVariantOutputImplBeanInfo> (0x00000000df27dd60) thrown at [C:\src\AOSP-openjdk-git\hotspot\src\share\vm\classfile\systemDictionary.cpp, line 210]
Event: 8.287 Thread 0x000000001ab4c000 Exception <a 'java/lang/ClassNotFoundException': com/android/build/gradle/internal/api/BaseVariantOutputImplCustomizer> (0x00000000df29c6f8) thrown at [C:\src\AOSP-openjdk-git\hotspot\src\share\vm\classfile\systemDictionary.cpp, line 210]
Event: 8.288 Thread 0x000000001ab4c000 Exception <a 'java/lang/ClassNotFoundException': com/android/build/gradle/internal/api/ApkVariantOutputImplCustomizer> (0x00000000df2d4ec0) thrown at [C:\src\AOSP-openjdk-git\hotspot\src\share\vm\classfile\systemDictionary.cpp, line 210]
Event: 8.289 Thread 0x000000001ab4c000 Exception <a 'java/lang/ClassNotFoundException': com/android/build/gradle/internal/api/ApkVariantOutputImpl_DecoratedCustomizer> (0x00000000df308ce0) thrown at [C:\src\AOSP-openjdk-git\hotspot\src\share\vm\classfile\systemDictionary.cpp, line 210]
Event: 8.417 Thread 0x000000001ab4c000 Exception <a 'java/lang/NoSuchMethodError': java.lang.Object.lambda$static$0(Lorg/gradle/api/internal/tasks/TaskDependencyResolveContext;)V> (0x00000000dfdb7d20) thrown at [C:\src\AOSP-openjdk-git\hotspot\src\share\vm\interpreter\linkResolver.cpp, line 62
Event: 8.565 Thread 0x000000001ab4c000 Exception <a 'sun/nio/fs/WindowsException'> (0x00000000d5741338) thrown at [C:\src\AOSP-openjdk-git\hotspot\src\share\vm\prims\jni.cpp, line 710]
Event: 8.930 Thread 0x000000001ab4c000 Exception <a 'java/lang/ClassNotFoundException': com/sun/org/glassfish/hk2/osgiresourcelocator/ServiceLoader> (0x00000000d58a18c8) thrown at [C:\src\AOSP-openjdk-git\hotspot\src\share\vm\classfile\systemDictionary.cpp, line 210]
Event: 9.000 Thread 0x000000001ab4c000 Exception <a 'java/lang/NullPointerException'> (0x00000000d5fdc030) thrown at [C:\src\AOSP-openjdk-git\hotspot\src\share\vm\interpreter\linkResolver.cpp, line 1287]

Events (10 events):
Event: 9.188 loading class javax/xml/transform/sax/SAXSource
Event: 9.188 loading class javax/xml/transform/sax/SAXSource done
Event: 9.191 loading class com/android/repository/impl/meta/SchemaModuleUtil$NamespaceFallbackFilter
Event: 9.191 loading class com/android/repository/impl/meta/SchemaModuleUtil$NamespaceFallbackFilter done
Event: 9.195 loading class org/xml/sax/helpers/XMLFilterImpl
Event: 9.196 loading class org/xml/sax/helpers/XMLFilterImpl done
Event: 9.198 Thread 0x000000001ab4c000 Uncommon trap: trap_request=0xffffff65 fr.pc=0x000000000330a8a8
Event: 9.198 Thread 0x000000001ab4c000 DEOPT PACKING pc=0x000000000330a8a8 sp=0x000000001e35b280
Event: 9.198 Thread 0x000000001ab4c000 DEOPT UNPACKING pc=0x0000000002d4557b sp=0x000000001e35b238 mode 2
Event: 9.201 loading class com/sun/org/apache/xerces/internal/jaxp/SAXParserImpl


Dynamic libraries:
0x00007ff7aef40000 - 0x00007ff7aef71000 	C:\Program Files\Android\Android Studio\jre\bin\java.exe
0x00007ff88fe10000 - 0x00007ff890005000 	C:\WINDOWS\SYSTEM32\ntdll.dll
0x00007ff88f280000 - 0x00007ff88f33d000 	C:\WINDOWS\System32\KERNEL32.DLL
0x00007ff88d9f0000 - 0x00007ff88dcb9000 	C:\WINDOWS\System32\KERNELBASE.dll
0x00007ff88fb50000 - 0x00007ff88fbfc000 	C:\WINDOWS\System32\ADVAPI32.dll
0x00007ff88fc00000 - 0x00007ff88fc9e000 	C:\WINDOWS\System32\msvcrt.dll
0x00007ff88e810000 - 0x00007ff88e8ac000 	C:\WINDOWS\System32\sechost.dll
0x00007ff88fca0000 - 0x00007ff88fdcb000 	C:\WINDOWS\System32\RPCRT4.dll
0x00007ff88dfa0000 - 0x00007ff88e140000 	C:\WINDOWS\System32\USER32.dll
0x00007ff88dd20000 - 0x00007ff88dd42000 	C:\WINDOWS\System32\win32u.dll
0x00007ff88f250000 - 0x00007ff88f27a000 	C:\WINDOWS\System32\GDI32.dll
0x00007ff88d860000 - 0x00007ff88d96b000 	C:\WINDOWS\System32\gdi32full.dll
0x00007ff88ddd0000 - 0x00007ff88de6d000 	C:\WINDOWS\System32\msvcp_win.dll
0x00007ff88d6b0000 - 0x00007ff88d7b0000 	C:\WINDOWS\System32\ucrtbase.dll
0x00007ff873e20000 - 0x00007ff8740ba000 	C:\WINDOWS\WinSxS\amd64_microsoft.windows.common-controls_6595b64144ccf1df_6.0.19041.844_none_ca00b6081b84eb1d\COMCTL32.dll
0x00007ff88fb00000 - 0x00007ff88fb30000 	C:\WINDOWS\System32\IMM32.DLL
0x00000000541a0000 - 0x0000000054272000 	C:\Program Files\Android\Android Studio\jre\jre\bin\msvcr100.dll
0x0000000054360000 - 0x0000000054bab000 	C:\Program Files\Android\Android Studio\jre\jre\bin\server\jvm.dll
0x00007ff88e910000 - 0x00007ff88e918000 	C:\WINDOWS\System32\PSAPI.DLL
0x00007ff86c3b0000 - 0x00007ff86c3d7000 	C:\WINDOWS\SYSTEM32\WINMM.dll
0x00007ff883d00000 - 0x00007ff883d0a000 	C:\WINDOWS\SYSTEM32\VERSION.dll
0x00007ff884ef0000 - 0x00007ff884ef9000 	C:\WINDOWS\SYSTEM32\WSOCK32.dll
0x00007ff88e730000 - 0x00007ff88e79b000 	C:\WINDOWS\System32\ws2_32.DLL
0x00007ff86c190000 - 0x00007ff86c19f000 	C:\Program Files\Android\Android Studio\jre\jre\bin\verify.dll
0x00007ff821180000 - 0x00007ff8211a9000 	C:\Program Files\Android\Android Studio\jre\jre\bin\java.dll
0x00007ff83fc00000 - 0x00007ff83fc16000 	C:\Program Files\Android\Android Studio\jre\jre\bin\zip.dll
0x00007ff88ea50000 - 0x00007ff88f192000 	C:\WINDOWS\System32\SHELL32.dll
0x00007ff88b690000 - 0x00007ff88be20000 	C:\WINDOWS\SYSTEM32\windows.storage.dll
0x00007ff88e140000 - 0x00007ff88e495000 	C:\WINDOWS\System32\combase.dll
0x00007ff88cfc0000 - 0x00007ff88cfec000 	C:\WINDOWS\SYSTEM32\Wldp.dll
0x00007ff88f840000 - 0x00007ff88f8ee000 	C:\WINDOWS\System32\SHCORE.dll
0x00007ff88e8b0000 - 0x00007ff88e905000 	C:\WINDOWS\System32\shlwapi.dll
0x00007ff88d490000 - 0x00007ff88d4af000 	C:\WINDOWS\SYSTEM32\profapi.dll
0x00007ff820cf0000 - 0x00007ff820d0a000 	C:\Program Files\Android\Android Studio\jre\jre\bin\net.dll
0x00007ff88cd40000 - 0x00007ff88cdaa000 	C:\WINDOWS\system32\mswsock.dll
0x00007ff820870000 - 0x00007ff820883000 	C:\Program Files\Android\Android Studio\jre\jre\bin\nio.dll
0x00007ff870b00000 - 0x00007ff870b27000 	C:\Users\Thuy\.gradle\native\f6784746aeab05261644944871eae4fe03e0ef1612fff0a4a95f87b438bc6780\windows-amd64\native-platform.dll
0x00007ff862450000 - 0x00007ff86245d000 	C:\Program Files\Android\Android Studio\jre\jre\bin\management.dll
0x00007ff88cf10000 - 0x00007ff88cf28000 	C:\WINDOWS\SYSTEM32\CRYPTSP.dll
0x00007ff88c670000 - 0x00007ff88c6a4000 	C:\WINDOWS\system32\rsaenh.dll
0x00007ff88d970000 - 0x00007ff88d997000 	C:\WINDOWS\System32\bcrypt.dll
0x00007ff88d450000 - 0x00007ff88d47e000 	C:\WINDOWS\SYSTEM32\USERENV.dll
0x00007ff88dd50000 - 0x00007ff88ddd0000 	C:\WINDOWS\System32\bcryptprimitives.dll
0x00007ff88cf30000 - 0x00007ff88cf3c000 	C:\WINDOWS\SYSTEM32\CRYPTBASE.dll
0x00007ff88c9e0000 - 0x00007ff88ca1b000 	C:\WINDOWS\SYSTEM32\IPHLPAPI.DLL
0x00007ff88de70000 - 0x00007ff88de78000 	C:\WINDOWS\System32\NSI.dll
0x00007ff881b90000 - 0x00007ff881ba7000 	C:\WINDOWS\SYSTEM32\dhcpcsvc6.DLL
0x00007ff8825c0000 - 0x00007ff8825dd000 	C:\WINDOWS\SYSTEM32\dhcpcsvc.DLL
0x00007ff88ca20000 - 0x00007ff88caeb000 	C:\WINDOWS\SYSTEM32\DNSAPI.dll
0x00007ff882aa0000 - 0x00007ff882aab000 	C:\WINDOWS\SYSTEM32\WINNSI.DLL

VM Arguments:
jvm_args: -Xmx2048m -Dfile.encoding=UTF-8 -Duser.country=US -Duser.language=en -Duser.variant 
java_command: org.gradle.launcher.daemon.bootstrap.GradleDaemon 6.5
java_class_path (initial): C:\Users\Thuy\.gradle\wrapper\dists\gradle-6.5-bin\6nifqtx7604sqp1q6g8wikw7p\gradle-6.5\lib\gradle-launcher-6.5.jar
Launcher Type: SUN_STANDARD

Environment Variables:
JAVA_HOME=C:\Program Files\Java\jdk-15.0.2
PATH=C:\Program Files (x86)\Common Files\Oracle\Java\javapath;C:\Windows\system32;C:\Windows;C:\Windows\System32\Wbem;C:\Windows\System32\WindowsPowerShell\v1.0\;C:\Windows\System32\OpenSSH\;C:\Program Files (x86)\NVIDIA Corporation\PhysX\Common;C:\Program Files\NVIDIA Corporation\NVIDIA NvDLISR;C:\Program Files\Git\cmd;C:\WINDOWS\system32;C:\WINDOWS;C:\WINDOWS\System32\Wbem;C:\WINDOWS\System32\WindowsPowerShell\v1.0\;C:\WINDOWS\System32\OpenSSH\;C:\Program Files\Java\jdk-15.0.2\bin;C:\Users\Thuy\AppData\Local\Microsoft\WindowsApps;;D:\Microsoft VS Code\bin
USERNAME=Thu Thuy
OS=Windows_NT
PROCESSOR_IDENTIFIER=Intel64 Family 6 Model 142 Stepping 10, GenuineIntel



---------------  S Y S T E M  ---------------

OS: Windows 10.0 , 64 bit Build 19041 (10.0.19041.804)

CPU:total 8 (initial active 8) (4 cores per cpu, 2 threads per core) family 6 model 142 stepping 10, cmov, cx8, fxsr, mmx, sse, sse2, sse3, ssse3, sse4.1, sse4.2, popcnt, avx, avx2, aes, clmul, erms, 3dnowpref, lzcnt, ht, tsc, tscinvbit, bmi1, bmi2, adx

Memory: 4k page, physical 8268368k(163888k free), swap 33434192k(5804k free)

vm_info: OpenJDK 64-Bit Server VM (25.242-b01) for windows-amd64 JRE (1.8.0_242-release-1644-b01), built by "builder" with MS VC++ 10.0 (VS2010)

time: Sun Mar 14 12:21:41 2021
timezone: SE Asia Standard Time
elapsed time: 9 seconds (0d 0h 0m 9s)

