#
# There is insufficient memory for the Java Runtime Environment to continue.
# Native memory allocation (malloc) failed to allocate 1128976 bytes for Chunk::new
# Possible reasons:
#   The system is out of physical RAM or swap space
#   The process is running with CompressedOops enabled, and the Java Heap may be blocking the growth of the native heap
# Possible solutions:
#   Reduce memory load on the system
#   Increase physical memory or swap space
#   Check if swap backing store is full
#   Decrease Java heap size (-Xmx/-Xms)
#   Decrease number of Java threads
#   Decrease Java thread stack sizes (-Xss)
#   Set larger code cache with -XX:ReservedCodeCacheSize=
#   JVM is running with Unscaled Compressed Oops mode in which the Java heap is
#     placed in the first 4GB address space. The Java Heap base address is the
#     maximum limit for the native heap growth. Please use -XX:HeapBaseMinAddress
#     to set the Java Heap base and to place the Java Heap above 4GB virtual address.
# This output file may be truncated or incomplete.
#
#  Out of Memory Error (allocation.cpp:389), pid=15436, tid=0x000000000000233c
#
# JRE version: OpenJDK Runtime Environment (8.0_242-b01) (build 1.8.0_242-release-1644-b01)
# Java VM: OpenJDK 64-Bit Server VM (25.242-b01 mixed mode windows-amd64 compressed oops)
# Failed to write core dump. Minidumps are not enabled by default on client versions of Windows
#

---------------  T H R E A D  ---------------

Current thread (0x0000000019817000):  JavaThread "C2 CompilerThread2" daemon [_thread_in_native, id=9020, stack(0x000000001a2e0000,0x000000001a3e0000)]

Stack: [0x000000001a2e0000,0x000000001a3e0000]
[error occurred during error reporting (printing stack bounds), id 0xc0000005]

Native frames: (J=compiled Java code, j=interpreted, Vv=VM code, C=native code)


Current CompileTask:
C2:   9784 7183       4       com.sun.org.apache.xerces.internal.dom.ElementNSImpl::getLocalName (16 bytes)


---------------  P R O C E S S  ---------------

Java Threads: ( => current thread )
  0x0000000020374800 JavaThread "Cache worker for execution history cache (C:\Users\Thuy\AndroidStudioProjects\MyFriends\.gradle\6.5\executionHistory)" [_thread_blocked, id=16100, stack(0x000000002c930000,0x000000002ca30000)]
  0x0000000020373800 JavaThread "Execution worker for ':' Thread 7" [_thread_blocked, id=1016, stack(0x000000002c830000,0x000000002c930000)]
  0x000000002036c000 JavaThread "Execution worker for ':' Thread 6" [_thread_blocked, id=15848, stack(0x000000002c730000,0x000000002c830000)]
  0x000000002036e800 JavaThread "Execution worker for ':' Thread 5" [_thread_blocked, id=13224, stack(0x000000002c630000,0x000000002c730000)]
  0x0000000020373000 JavaThread "Execution worker for ':' Thread 4" [_thread_in_Java, id=16436, stack(0x000000002c530000,0x000000002c630000)]
  0x0000000020370800 JavaThread "Execution worker for ':' Thread 3" [_thread_blocked, id=19448, stack(0x000000002c430000,0x000000002c530000)]
  0x0000000020372000 JavaThread "Execution worker for ':' Thread 2" [_thread_blocked, id=20168, stack(0x000000002c330000,0x000000002c430000)]
  0x000000002036b800 JavaThread "Execution worker for ':'" [_thread_blocked, id=10536, stack(0x000000002c230000,0x000000002c330000)]
  0x0000000020370000 JavaThread "Cache worker for file content cache (C:\Users\Thuy\AndroidStudioProjects\MyFriends\.gradle\6.5\fileContent)" [_thread_blocked, id=8220, stack(0x000000002bb80000,0x000000002bc80000)]
  0x000000002036d000 JavaThread "Memory manager" [_thread_blocked, id=13868, stack(0x000000002af80000,0x000000002b080000)]
  0x0000000020371800 JavaThread "Cache worker for Build Output Cleanup Cache (C:\Users\Thuy\AndroidStudioProjects\MyFriends\.gradle\buildOutputCleanup)" [_thread_blocked, id=11420, stack(0x0000000026ef0000,0x0000000026ff0000)]
  0x0000000020369000 JavaThread "jar transforms Thread 92" [_thread_blocked, id=13952, stack(0x000000002a880000,0x000000002a980000)]
  0x000000002036a800 JavaThread "jar transforms Thread 91" [_thread_blocked, id=14496, stack(0x000000002a780000,0x000000002a880000)]
  0x0000000020368800 JavaThread "jar transforms Thread 90" [_thread_blocked, id=14992, stack(0x000000002a680000,0x000000002a780000)]
  0x000000002036d800 JavaThread "jar transforms Thread 89" [_thread_blocked, id=1536, stack(0x000000002a580000,0x000000002a680000)]
  0x0000000020367800 JavaThread "jar transforms Thread 88" [_thread_blocked, id=10036, stack(0x000000002a480000,0x000000002a580000)]
  0x000000002036a000 JavaThread "jar transforms Thread 87" [_thread_blocked, id=9584, stack(0x000000002a380000,0x000000002a480000)]
  0x0000000020366000 JavaThread "jar transforms Thread 86" [_thread_blocked, id=18596, stack(0x000000002a280000,0x000000002a380000)]
  0x0000000020367000 JavaThread "jar transforms Thread 85" [_thread_blocked, id=6376, stack(0x000000002a180000,0x000000002a280000)]
  0x0000000020365800 JavaThread "jar transforms Thread 84" [_thread_blocked, id=11228, stack(0x000000002a080000,0x000000002a180000)]
  0x0000000021f86800 JavaThread "jar transforms Thread 83" [_thread_blocked, id=15864, stack(0x0000000029f80000,0x000000002a080000)]
  0x0000000021f87800 JavaThread "jar transforms Thread 82" [_thread_blocked, id=16416, stack(0x0000000029e80000,0x0000000029f80000)]
  0x0000000021f86000 JavaThread "jar transforms Thread 81" [_thread_blocked, id=7056, stack(0x0000000029d80000,0x0000000029e80000)]
  0x0000000021f88000 JavaThread "jar transforms Thread 80" [_thread_blocked, id=15812, stack(0x0000000029c80000,0x0000000029d80000)]
  0x0000000021f85000 JavaThread "jar transforms Thread 79" [_thread_blocked, id=5628, stack(0x0000000029b80000,0x0000000029c80000)]
  0x0000000021f84800 JavaThread "jar transforms Thread 78" [_thread_blocked, id=11664, stack(0x0000000029a80000,0x0000000029b80000)]
  0x0000000021f83800 JavaThread "jar transforms Thread 77" [_thread_blocked, id=19880, stack(0x0000000029980000,0x0000000029a80000)]
  0x0000000021f83000 JavaThread "jar transforms Thread 76" [_thread_blocked, id=16188, stack(0x0000000029880000,0x0000000029980000)]
  0x0000000021f7b800 JavaThread "jar transforms Thread 75" [_thread_blocked, id=19932, stack(0x0000000029780000,0x0000000029880000)]
  0x0000000021f82000 JavaThread "jar transforms Thread 74" [_thread_blocked, id=10884, stack(0x0000000029680000,0x0000000029780000)]
  0x0000000021f7a800 JavaThread "jar transforms Thread 73" [_thread_blocked, id=14656, stack(0x0000000029580000,0x0000000029680000)]
  0x0000000021f81800 JavaThread "jar transforms Thread 72" [_thread_blocked, id=20448, stack(0x0000000029480000,0x0000000029580000)]
  0x0000000021f80800 JavaThread "jar transforms Thread 71" [_thread_blocked, id=1264, stack(0x0000000029380000,0x0000000029480000)]
  0x0000000021f79000 JavaThread "jar transforms Thread 70" [_thread_blocked, id=11568, stack(0x0000000029280000,0x0000000029380000)]
  0x0000000021f80000 JavaThread "jar transforms Thread 69" [_thread_blocked, id=12620, stack(0x0000000029180000,0x0000000029280000)]
  0x0000000021f7d800 JavaThread "jar transforms Thread 68" [_thread_blocked, id=19316, stack(0x0000000029080000,0x0000000029180000)]
  0x0000000021f7d000 JavaThread "jar transforms Thread 67" [_thread_blocked, id=16328, stack(0x0000000028f80000,0x0000000029080000)]
  0x0000000021f7a000 JavaThread "jar transforms Thread 66" [_thread_blocked, id=18508, stack(0x0000000028e80000,0x0000000028f80000)]
  0x0000000021f7c000 JavaThread "jar transforms Thread 65" [_thread_blocked, id=15588, stack(0x0000000028d80000,0x0000000028e80000)]
  0x0000000021f7e800 JavaThread "jar transforms Thread 64" [_thread_blocked, id=9752, stack(0x0000000028c80000,0x0000000028d80000)]
  0x0000000021f7f000 JavaThread "jar transforms Thread 63" [_thread_blocked, id=10164, stack(0x0000000028b80000,0x0000000028c80000)]
  0x0000000021f72000 JavaThread "jar transforms Thread 62" [_thread_blocked, id=11496, stack(0x0000000028a80000,0x0000000028b80000)]
  0x0000000021f71800 JavaThread "jar transforms Thread 61" [_thread_blocked, id=16964, stack(0x0000000028980000,0x0000000028a80000)]
  0x0000000021f78000 JavaThread "jar transforms Thread 60" [_thread_blocked, id=13808, stack(0x0000000028880000,0x0000000028980000)]
  0x0000000021f73000 JavaThread "jar transforms Thread 59" [_thread_blocked, id=20084, stack(0x0000000028780000,0x0000000028880000)]
  0x0000000021f74800 JavaThread "jar transforms Thread 58" [_thread_blocked, id=9040, stack(0x0000000028680000,0x0000000028780000)]
  0x0000000021f77800 JavaThread "jar transforms Thread 57" [_thread_blocked, id=8428, stack(0x0000000028580000,0x0000000028680000)]
  0x0000000021f76800 JavaThread "jar transforms Thread 56" [_thread_blocked, id=14272, stack(0x0000000028480000,0x0000000028580000)]
  0x0000000021f76000 JavaThread "jar transforms Thread 55" [_thread_blocked, id=18872, stack(0x0000000028380000,0x0000000028480000)]
  0x0000000021f73800 JavaThread "jar transforms Thread 54" [_thread_blocked, id=17292, stack(0x0000000028280000,0x0000000028380000)]
  0x0000000021f75000 JavaThread "jar transforms Thread 53" [_thread_blocked, id=15944, stack(0x0000000028180000,0x0000000028280000)]
  0x0000000021f6a000 JavaThread "jar transforms Thread 52" [_thread_blocked, id=17356, stack(0x0000000028080000,0x0000000028180000)]
  0x0000000021f70800 JavaThread "jar transforms Thread 51" [_thread_blocked, id=6400, stack(0x0000000027f80000,0x0000000028080000)]
  0x0000000021f69000 JavaThread "jar transforms Thread 50" [_thread_blocked, id=14620, stack(0x0000000027e80000,0x0000000027f80000)]
  0x0000000021f6f000 JavaThread "jar transforms Thread 49" [_thread_blocked, id=9140, stack(0x0000000027d80000,0x0000000027e80000)]
  0x0000000021f6c000 JavaThread "jar transforms Thread 48" [_thread_blocked, id=19708, stack(0x0000000027c80000,0x0000000027d80000)]
  0x0000000021f6a800 JavaThread "jar transforms Thread 47" [_thread_blocked, id=1620, stack(0x0000000027b80000,0x0000000027c80000)]
  0x0000000021f70000 JavaThread "jar transforms Thread 46" [_thread_blocked, id=13568, stack(0x0000000027a80000,0x0000000027b80000)]
  0x0000000021f6d800 JavaThread "jar transforms Thread 45" [_thread_blocked, id=18756, stack(0x0000000027980000,0x0000000027a80000)]
  0x0000000021f6d000 JavaThread "jar transforms Thread 44" [_thread_blocked, id=16200, stack(0x0000000027880000,0x0000000027980000)]
  0x0000000021f6b800 JavaThread "jar transforms Thread 43" [_thread_blocked, id=16080, stack(0x0000000027780000,0x0000000027880000)]
  0x0000000021f6e800 JavaThread "jar transforms Thread 42" [_thread_blocked, id=19356, stack(0x0000000027680000,0x0000000027780000)]
  0x000000001c9d0000 JavaThread "jar transforms Thread 41" [_thread_blocked, id=12932, stack(0x0000000027580000,0x0000000027680000)]
  0x000000001c9cf800 JavaThread "jar transforms Thread 40" [_thread_blocked, id=19608, stack(0x0000000027480000,0x0000000027580000)]
  0x000000001c9d5800 JavaThread "jar transforms Thread 39" [_thread_blocked, id=14340, stack(0x0000000027380000,0x0000000027480000)]
  0x000000001c9d4800 JavaThread "jar transforms Thread 38" [_thread_blocked, id=16808, stack(0x0000000027280000,0x0000000027380000)]
  0x000000001c9d2800 JavaThread "jar transforms Thread 37" [_thread_blocked, id=10716, stack(0x0000000027180000,0x0000000027280000)]
  0x000000001c9d1800 JavaThread "jar transforms Thread 36" [_thread_blocked, id=5052, stack(0x0000000027080000,0x0000000027180000)]
  0x000000001c9d1000 JavaThread "jar transforms Thread 35" [_thread_blocked, id=12712, stack(0x0000000024aa0000,0x0000000024ba0000)]
  0x000000001c9d4000 JavaThread "jar transforms Thread 34" [_thread_blocked, id=11788, stack(0x0000000026df0000,0x0000000026ef0000)]
  0x000000001c9d3000 JavaThread "jar transforms Thread 33" [_thread_blocked, id=4736, stack(0x0000000026cf0000,0x0000000026df0000)]
  0x000000001c9c7800 JavaThread "jar transforms Thread 32" [_thread_blocked, id=15748, stack(0x0000000026bf0000,0x0000000026cf0000)]
  0x000000001c9ca000 JavaThread "jar transforms Thread 31" [_thread_blocked, id=19092, stack(0x0000000026af0000,0x0000000026bf0000)]
  0x000000001c9ce800 JavaThread "jar transforms Thread 30" [_thread_blocked, id=11448, stack(0x00000000269f0000,0x0000000026af0000)]
  0x000000001c9cd800 JavaThread "jar transforms Thread 29" [_thread_blocked, id=14604, stack(0x00000000268f0000,0x00000000269f0000)]
  0x000000001c9cd000 JavaThread "jar transforms Thread 28" [_thread_blocked, id=13876, stack(0x00000000267f0000,0x00000000268f0000)]
  0x000000001c9c7000 JavaThread "jar transforms Thread 27" [_thread_blocked, id=19944, stack(0x00000000266f0000,0x00000000267f0000)]
  0x000000001c9c9000 JavaThread "jar transforms Thread 26" [_thread_blocked, id=20312, stack(0x00000000265f0000,0x00000000266f0000)]
  0x000000001c9cc000 JavaThread "jar transforms Thread 25" [_thread_blocked, id=19508, stack(0x00000000264f0000,0x00000000265f0000)]
  0x000000001c9cb800 JavaThread "jar transforms Thread 24" [_thread_blocked, id=9560, stack(0x00000000263f0000,0x00000000264f0000)]
  0x000000001c9ca800 JavaThread "jar transforms Thread 23" [_thread_blocked, id=16628, stack(0x00000000262f0000,0x00000000263f0000)]
  0x000000001c9c8800 JavaThread "jar transforms Thread 22" [_thread_blocked, id=11688, stack(0x00000000261f0000,0x00000000262f0000)]
  0x000000001c9c6000 JavaThread "jar transforms Thread 21" [_thread_blocked, id=12100, stack(0x00000000260f0000,0x00000000261f0000)]
  0x000000001aaf6000 JavaThread "jar transforms Thread 20" [_thread_blocked, id=6852, stack(0x0000000025ff0000,0x00000000260f0000)]
  0x000000001aaf7000 JavaThread "jar transforms Thread 19" [_thread_blocked, id=19328, stack(0x0000000025ef0000,0x0000000025ff0000)]
  0x000000001aaf5800 JavaThread "jar transforms Thread 18" [_thread_blocked, id=16944, stack(0x0000000025df0000,0x0000000025ef0000)]
  0x000000001aafc000 JavaThread "jar transforms Thread 17" [_thread_blocked, id=5780, stack(0x0000000025cf0000,0x0000000025df0000)]
  0x000000001aafb800 JavaThread "jar transforms Thread 16" [_thread_blocked, id=12412, stack(0x0000000025bf0000,0x0000000025cf0000)]
  0x000000001aaf8800 JavaThread "jar transforms Thread 15" [_thread_blocked, id=11424, stack(0x0000000025af0000,0x0000000025bf0000)]
  0x000000001aafa800 JavaThread "jar transforms Thread 14" [_thread_blocked, id=19520, stack(0x00000000259f0000,0x0000000025af0000)]
  0x000000001aafa000 JavaThread "jar transforms Thread 13" [_thread_blocked, id=11084, stack(0x00000000258f0000,0x00000000259f0000)]
  0x000000001aaf7800 JavaThread "jar transforms Thread 12" [_thread_blocked, id=5816, stack(0x00000000257f0000,0x00000000258f0000)]
  0x000000001aaf9000 JavaThread "jar transforms Thread 11" [_thread_blocked, id=8276, stack(0x00000000256f0000,0x00000000257f0000)]
  0x000000001ed9f000 JavaThread "jar transforms Thread 10" [_thread_blocked, id=14092, stack(0x00000000255f0000,0x00000000256f0000)]
  0x000000001ed9e800 JavaThread "jar transforms Thread 9" [_thread_blocked, id=10832, stack(0x00000000254f0000,0x00000000255f0000)]
  0x000000001ed9b000 JavaThread "jar transforms Thread 8" [_thread_blocked, id=16136, stack(0x00000000253f0000,0x00000000254f0000)]
  0x000000001ed9d800 JavaThread "jar transforms Thread 7" [_thread_blocked, id=16460, stack(0x00000000252f0000,0x00000000253f0000)]
  0x000000001ed9a800 JavaThread "jar transforms Thread 6" [_thread_blocked, id=3820, stack(0x00000000251f0000,0x00000000252f0000)]
  0x000000001ed9c800 JavaThread "jar transforms Thread 5" [_thread_blocked, id=11852, stack(0x00000000250f0000,0x00000000251f0000)]
  0x000000001ed99000 JavaThread "jar transforms Thread 4" [_thread_blocked, id=7272, stack(0x0000000024ff0000,0x00000000250f0000)]
  0x000000001ed99800 JavaThread "jar transforms Thread 3" [_thread_blocked, id=14236, stack(0x0000000024ef0000,0x0000000024ff0000)]
  0x000000001ed9c000 JavaThread "jar transforms Thread 2" [_thread_blocked, id=7548, stack(0x0000000024df0000,0x0000000024ef0000)]
  0x000000001ed92000 JavaThread "Build operations Thread 8" [_thread_blocked, id=19712, stack(0x00000000248a0000,0x00000000249a0000)]
  0x000000001ed91800 JavaThread "Build operations Thread 7" [_thread_blocked, id=15932, stack(0x00000000247a0000,0x00000000248a0000)]
  0x000000001ed98000 JavaThread "Build operations Thread 6" [_thread_blocked, id=17548, stack(0x00000000246a0000,0x00000000247a0000)]
  0x000000001ed90800 JavaThread "Build operations Thread 5" [_thread_blocked, id=7564, stack(0x00000000245a0000,0x00000000246a0000)]
  0x000000001ed96800 JavaThread "Build operations Thread 4" [_thread_blocked, id=11512, stack(0x00000000244a0000,0x00000000245a0000)]
  0x000000001ed96000 JavaThread "Build operations Thread 3" [_thread_blocked, id=9516, stack(0x00000000243a0000,0x00000000244a0000)]
  0x000000001ed97800 JavaThread "Build operations Thread 2" [_thread_blocked, id=8316, stack(0x00000000242a0000,0x00000000243a0000)]
  0x000000001ed93800 JavaThread "Build operations" [_thread_blocked, id=20276, stack(0x00000000241a0000,0x00000000242a0000)]
  0x000000001c423000 JavaThread "Cache worker for file content cache (C:\Users\Thuy\.gradle\caches\6.5\fileContent)" [_thread_blocked, id=10252, stack(0x0000000022ad0000,0x0000000022bd0000)]
  0x000000001c420000 JavaThread "jar transforms" [_thread_blocked, id=14040, stack(0x00000000229d0000,0x0000000022ad0000)]
  0x000000001c420800 JavaThread "Cache worker for execution history cache (C:\Users\Thuy\.gradle\caches\6.5\executionHistory)" [_thread_blocked, id=15420, stack(0x00000000222d0000,0x00000000223d0000)]
  0x000000001c422000 JavaThread "Cache worker for cache directory md-rule (C:\Users\Thuy\.gradle\caches\6.5\md-rule)" [_thread_blocked, id=6968, stack(0x00000000221d0000,0x00000000222d0000)]
  0x000000001c41f000 JavaThread "Cache worker for cache directory md-supplier (C:\Users\Thuy\.gradle\caches\6.5\md-supplier)" [_thread_blocked, id=18908, stack(0x0000000021020000,0x0000000021120000)]
  0x000000001c425000 JavaThread "Cache worker for checksums cache (C:\Users\Thuy\AndroidStudioProjects\MyFriends\.gradle\checksums)" [_thread_blocked, id=19368, stack(0x0000000020ca0000,0x0000000020da0000)]
  0x000000001c426000 JavaThread "Cache worker for file hash cache (C:\Users\Thuy\AndroidStudioProjects\MyFriends\.gradle\6.5\fileHashes)" [_thread_blocked, id=4392, stack(0x00000000209a0000,0x0000000020aa0000)]
  0x000000001c421800 JavaThread "Cache worker for file hash cache (C:\Users\Thuy\.gradle\caches\6.5\fileHashes)" [_thread_blocked, id=19124, stack(0x000000001e700000,0x000000001e800000)]
  0x000000001c424800 JavaThread "File lock request listener" [_thread_in_native, id=11192, stack(0x000000001e600000,0x000000001e700000)]
  0x000000001b768800 JavaThread "Cache worker for journal cache (C:\Users\Thuy\.gradle\caches\journal-1)" [_thread_blocked, id=1792, stack(0x000000001e500000,0x000000001e600000)]
  0x000000001c2c6800 JavaThread "Thread-9" [_thread_blocked, id=1224, stack(0x000000001e200000,0x000000001e300000)]
  0x000000001c34d800 JavaThread "Stdin handler" [_thread_blocked, id=16208, stack(0x000000001e100000,0x000000001e200000)]
  0x000000001c333000 JavaThread "Asynchronous log dispatcher for DefaultDaemonConnection: socket connection from /127.0.0.1:63788 to /127.0.0.1:63789" [_thread_blocked, id=18880, stack(0x000000001e000000,0x000000001e100000)]
  0x000000001c353800 JavaThread "Daemon worker" [_thread_blocked, id=17180, stack(0x000000001df00000,0x000000001e000000)]
  0x000000001c352800 JavaThread "Cancel handler" [_thread_blocked, id=9200, stack(0x000000001de00000,0x000000001df00000)]
  0x000000001c249000 JavaThread "Handler for socket connection from /127.0.0.1:63788 to /127.0.0.1:63789" [_thread_in_native, id=3796, stack(0x000000001dd00000,0x000000001de00000)]
  0x000000001c24e800 JavaThread "Daemon" [_thread_blocked, id=15372, stack(0x000000001dc00000,0x000000001dd00000)]
  0x000000001c24f800 JavaThread "Daemon periodic checks" [_thread_blocked, id=16084, stack(0x000000001d900000,0x000000001da00000)]
  0x000000001c1da800 JavaThread "Incoming local TCP Connector on port 63788" [_thread_in_native, id=16844, stack(0x000000001d6c0000,0x000000001d7c0000)]
  0x000000001c104800 JavaThread "Daemon health stats" [_thread_blocked, id=13784, stack(0x000000001d080000,0x000000001d180000)]
  0x0000000019834800 JavaThread "Service Thread" daemon [_thread_blocked, id=9196, stack(0x000000001a4e0000,0x000000001a5e0000)]
  0x000000001981b000 JavaThread "C1 CompilerThread3" daemon [_thread_in_vm, id=7724, stack(0x000000001a3e0000,0x000000001a4e0000)]
=>0x0000000019817000 JavaThread "C2 CompilerThread2" daemon [_thread_in_native, id=9020, stack(0x000000001a2e0000,0x000000001a3e0000)]
  0x0000000017a1a000 JavaThread "C2 CompilerThread1" daemon [_thread_in_native, id=11056, stack(0x000000001a1e0000,0x000000001a2e0000)]
  0x0000000019812000 JavaThread "C2 CompilerThread0" daemon [_thread_in_native, id=13488, stack(0x000000001a0e0000,0x000000001a1e0000)]
  0x0000000019811000 JavaThread "Attach Listener" daemon [_thread_blocked, id=16140, stack(0x0000000019fe0000,0x000000001a0e0000)]
  0x0000000019810000 JavaThread "Signal Dispatcher" daemon [_thread_blocked, id=11808, stack(0x0000000019ee0000,0x0000000019fe0000)]
  0x0000000019801800 JavaThread "Finalizer" daemon [_thread_blocked, id=20292, stack(0x0000000019ce0000,0x0000000019de0000)]
  0x0000000019800800 JavaThread "Reference Handler" daemon [_thread_blocked, id=3488, stack(0x0000000019be0000,0x0000000019ce0000)]
  0x000000000276e000 JavaThread "main" [_thread_blocked, id=4276, stack(0x0000000002770000,0x0000000002870000)]

Other Threads:
  0x0000000017a08000 VMThread [stack: 0x00000000196e0000,0x00000000197e0000] [id=15320]
  0x0000000019835000 WatcherThread [stack: 0x000000001a5e0000,0x000000001a6e0000] [id=8644]

VM state:not at safepoint (normal execution)

VM Mutex/Monitor currently owned by a thread:  ([mutex/lock_event])
[0x00000000028a05d0] CompiledIC_lock - owner thread: 0x0000000000000000

heap address: 0x0000000080000000, size: 2048 MB, Compressed Oops mode: 32-bit
Narrow klass base: 0x0000000000000000, Narrow klass shift: 3
Compressed class space size: 1073741824 Address: 0x0000000100000000

Heap:
 PSYoungGen      total 260096K, used 179892K [0x00000000d5580000, 0x00000000e8280000, 0x0000000100000000)
  eden space 239616K, 75% used [0x00000000d5580000,0x00000000e052d350,0x00000000e3f80000)
  from space 20480K, 0% used [0x00000000e5380000,0x00000000e5380000,0x00000000e6780000)
  to   space 20480K, 0% used [0x00000000e3f80000,0x00000000e3f80000,0x00000000e5380000)
 ParOldGen       total 70656K, used 29323K [0x0000000080000000, 0x0000000084500000, 0x00000000d5580000)
  object space 70656K, 41% used [0x0000000080000000,0x0000000081ca2c60,0x0000000084500000)
 Metaspace       used 64462K, capacity 67754K, committed 67992K, reserved 1107968K
  class space    used 8929K, capacity 9558K, committed 9648K, reserved 1048576K

Card table byte_map: [0x0000000011d60000,0x0000000012170000] byte_map_base: 0x0000000011960000

Marking Bits: (ParMarkBitMap*) 0x0000000054b2f030
 Begin Bits: [0x0000000012c20000, 0x0000000014c20000)
 End Bits:   [0x0000000014c20000, 0x0000000016c20000)

Polling page: 0x0000000000a90000

CodeCache: size=245760Kb used=20508Kb max_used=20512Kb free=225251Kb
 bounds [0x00000000029a0000, 0x0000000003dd0000, 0x00000000119a0000]
 total_blobs=7225 nmethods=6436 adapters=701
 compilation: enabled

Compilation events (10 events):
Event: 9.777 Thread 0x000000001981b000 7362       3       com.android.ide.common.resources.ResourceMergerItem::getSourceType (47 bytes)
Event: 9.777 Thread 0x000000001981b000 nmethod 7362 0x0000000003db38d0 code [0x0000000003db3ac0, 0x0000000003db4588]
Event: 9.778 Thread 0x0000000019812000 nmethod 7351 0x0000000003dc05d0 code [0x0000000003dc0740, 0x0000000003dc0c68]
Event: 9.778 Thread 0x0000000019812000 7343       4       com.google.common.collect.LinkedListMultimap$DistinctKeyIterator::hasNext (17 bytes)
Event: 9.779 Thread 0x0000000019812000 nmethod 7343 0x0000000003db9f10 code [0x0000000003dba040, 0x0000000003dba0d8]
Event: 9.779 Thread 0x0000000019812000 7345       4       com.google.common.collect.TransformedIterator::hasNext (10 bytes)
Event: 9.780 Thread 0x0000000019812000 nmethod 7345 0x0000000003db3450 code [0x0000000003db35a0, 0x0000000003db36d8]
Event: 9.780 Thread 0x0000000019812000 7346       4       com.google.common.collect.TransformedIterator::next (14 bytes)
Event: 9.781 Thread 0x000000001981b000 7364       3       com.google.common.collect.TransformedIterator::hasNext (10 bytes)
Event: 9.781 Thread 0x000000001981b000 nmethod 7364 0x0000000003db2f50 code [0x0000000003db30c0, 0x0000000003db32e8]

GC Heap History (10 events):
Event: 3.900 GC heap before
{Heap before GC invocations=11 (full 2):
 PSYoungGen      total 140288K, used 11136K [0x00000000d5580000, 0x00000000e2400000, 0x0000000100000000)
  eden space 129024K, 0% used [0x00000000d5580000,0x00000000d5580000,0x00000000dd380000)
  from space 11264K, 98% used [0x00000000dd380000,0x00000000dde60118,0x00000000dde80000)
  to   space 12800K, 0% used [0x00000000e1780000,0x00000000e1780000,0x00000000e2400000)
 ParOldGen       total 48128K, used 6654K [0x0000000080000000, 0x0000000082f00000, 0x00000000d5580000)
  object space 48128K, 13% used [0x0000000080000000,0x000000008067fbc8,0x0000000082f00000)
 Metaspace       used 34278K, capacity 35398K, committed 35496K, reserved 1079296K
  class space    used 4716K, capacity 5002K, committed 5040K, reserved 1048576K
Event: 3.965 GC heap after
Heap after GC invocations=11 (full 2):
 PSYoungGen      total 140288K, used 0K [0x00000000d5580000, 0x00000000e2400000, 0x0000000100000000)
  eden space 129024K, 0% used [0x00000000d5580000,0x00000000d5580000,0x00000000dd380000)
  from space 11264K, 0% used [0x00000000dd380000,0x00000000dd380000,0x00000000dde80000)
  to   space 12800K, 0% used [0x00000000e1780000,0x00000000e1780000,0x00000000e2400000)
 ParOldGen       total 70656K, used 17220K [0x0000000080000000, 0x0000000084500000, 0x00000000d5580000)
  object space 70656K, 24% used [0x0000000080000000,0x00000000810d1370,0x0000000084500000)
 Metaspace       used 34278K, capacity 35398K, committed 35496K, reserved 1079296K
  class space    used 4716K, capacity 5002K, committed 5040K, reserved 1048576K
}
Event: 5.006 GC heap before
{Heap before GC invocations=12 (full 2):
 PSYoungGen      total 140288K, used 129024K [0x00000000d5580000, 0x00000000e2400000, 0x0000000100000000)
  eden space 129024K, 100% used [0x00000000d5580000,0x00000000dd380000,0x00000000dd380000)
  from space 11264K, 0% used [0x00000000dd380000,0x00000000dd380000,0x00000000dde80000)
  to   space 12800K, 0% used [0x00000000e1780000,0x00000000e1780000,0x00000000e2400000)
 ParOldGen       total 70656K, used 17220K [0x0000000080000000, 0x0000000084500000, 0x00000000d5580000)
  object space 70656K, 24% used [0x0000000080000000,0x00000000810d1370,0x0000000084500000)
 Metaspace       used 39729K, capacity 41498K, committed 41768K, reserved 1085440K
  class space    used 5485K, capacity 5859K, committed 5936K, reserved 1048576K
Event: 5.016 GC heap after
Heap after GC invocations=12 (full 2):
 PSYoungGen      total 187904K, used 9921K [0x00000000d5580000, 0x00000000e2180000, 0x0000000100000000)
  eden space 177664K, 0% used [0x00000000d5580000,0x00000000d5580000,0x00000000e0300000)
  from space 10240K, 96% used [0x00000000e1780000,0x00000000e2130748,0x00000000e2180000)
  to   space 13312K, 0% used [0x00000000e0780000,0x00000000e0780000,0x00000000e1480000)
 ParOldGen       total 70656K, used 17228K [0x0000000080000000, 0x0000000084500000, 0x00000000d5580000)
  object space 70656K, 24% used [0x0000000080000000,0x00000000810d3370,0x0000000084500000)
 Metaspace       used 39729K, capacity 41498K, committed 41768K, reserved 1085440K
  class space    used 5485K, capacity 5859K, committed 5936K, reserved 1048576K
}
Event: 6.909 GC heap before
{Heap before GC invocations=13 (full 2):
 PSYoungGen      total 187904K, used 187585K [0x00000000d5580000, 0x00000000e2180000, 0x0000000100000000)
  eden space 177664K, 100% used [0x00000000d5580000,0x00000000e0300000,0x00000000e0300000)
  from space 10240K, 96% used [0x00000000e1780000,0x00000000e2130748,0x00000000e2180000)
  to   space 13312K, 0% used [0x00000000e0780000,0x00000000e0780000,0x00000000e1480000)
 ParOldGen       total 70656K, used 17228K [0x0000000080000000, 0x0000000084500000, 0x00000000d5580000)
  object space 70656K, 24% used [0x0000000080000000,0x00000000810d3370,0x0000000084500000)
 Metaspace       used 56063K, capacity 58484K, committed 58664K, reserved 1099776K
  class space    used 7662K, capacity 8179K, committed 8240K, reserved 1048576K
Event: 6.935 GC heap after
Heap after GC invocations=13 (full 2):
 PSYoungGen      total 195584K, used 13281K [0x00000000d5580000, 0x00000000e6780000, 0x0000000100000000)
  eden space 182272K, 0% used [0x00000000d5580000,0x00000000d5580000,0x00000000e0780000)
  from space 13312K, 99% used [0x00000000e0780000,0x00000000e14787f0,0x00000000e1480000)
  to   space 20480K, 0% used [0x00000000e5380000,0x00000000e5380000,0x00000000e6780000)
 ParOldGen       total 70656K, used 31159K [0x0000000080000000, 0x0000000084500000, 0x00000000d5580000)
  object space 70656K, 44% used [0x0000000080000000,0x0000000081e6dc88,0x0000000084500000)
 Metaspace       used 56063K, capacity 58484K, committed 58664K, reserved 1099776K
  class space    used 7662K, capacity 8179K, committed 8240K, reserved 1048576K
}
Event: 7.030 GC heap before
{Heap before GC invocations=14 (full 2):
 PSYoungGen      total 195584K, used 23154K [0x00000000d5580000, 0x00000000e6780000, 0x0000000100000000)
  eden space 182272K, 5% used [0x00000000d5580000,0x00000000d5f24040,0x00000000e0780000)
  from space 13312K, 99% used [0x00000000e0780000,0x00000000e14787f0,0x00000000e1480000)
  to   space 20480K, 0% used [0x00000000e5380000,0x00000000e5380000,0x00000000e6780000)
 ParOldGen       total 70656K, used 31159K [0x0000000080000000, 0x0000000084500000, 0x00000000d5580000)
  object space 70656K, 44% used [0x0000000080000000,0x0000000081e6dc88,0x0000000084500000)
 Metaspace       used 56731K, capacity 59114K, committed 59160K, reserved 1099776K
  class space    used 7761K, capacity 8218K, committed 8240K, reserved 1048576K
Event: 7.070 GC heap after
Heap after GC invocations=14 (full 2):
 PSYoungGen      total 260096K, used 1024K [0x00000000d5580000, 0x00000000e8280000, 0x0000000100000000)
  eden space 239616K, 0% used [0x00000000d5580000,0x00000000d5580000,0x00000000e3f80000)
  from space 20480K, 5% used [0x00000000e5380000,0x00000000e5480000,0x00000000e6780000)
  to   space 20480K, 0% used [0x00000000e3f80000,0x00000000e3f80000,0x00000000e5380000)
 ParOldGen       total 70656K, used 42326K [0x0000000080000000, 0x0000000084500000, 0x00000000d5580000)
  object space 70656K, 59% used [0x0000000080000000,0x0000000082955bb0,0x0000000084500000)
 Metaspace       used 56731K, capacity 59114K, committed 59160K, reserved 1099776K
  class space    used 7761K, capacity 8218K, committed 8240K, reserved 1048576K
}
Event: 7.070 GC heap before
{Heap before GC invocations=15 (full 3):
 PSYoungGen      total 260096K, used 1024K [0x00000000d5580000, 0x00000000e8280000, 0x0000000100000000)
  eden space 239616K, 0% used [0x00000000d5580000,0x00000000d5580000,0x00000000e3f80000)
  from space 20480K, 5% used [0x00000000e5380000,0x00000000e5480000,0x00000000e6780000)
  to   space 20480K, 0% used [0x00000000e3f80000,0x00000000e3f80000,0x00000000e5380000)
 ParOldGen       total 70656K, used 42326K [0x0000000080000000, 0x0000000084500000, 0x00000000d5580000)
  object space 70656K, 59% used [0x0000000080000000,0x0000000082955bb0,0x0000000084500000)
 Metaspace       used 56731K, capacity 59114K, committed 59160K, reserved 1099776K
  class space    used 7761K, capacity 8218K, committed 8240K, reserved 1048576K
Event: 7.509 GC heap after
Heap after GC invocations=15 (full 3):
 PSYoungGen      total 260096K, used 0K [0x00000000d5580000, 0x00000000e8280000, 0x0000000100000000)
  eden space 239616K, 0% used [0x00000000d5580000,0x00000000d5580000,0x00000000e3f80000)
  from space 20480K, 0% used [0x00000000e5380000,0x00000000e5380000,0x00000000e6780000)
  to   space 20480K, 0% used [0x00000000e3f80000,0x00000000e3f80000,0x00000000e5380000)
 ParOldGen       total 70656K, used 29323K [0x0000000080000000, 0x0000000084500000, 0x00000000d5580000)
  object space 70656K, 41% used [0x0000000080000000,0x0000000081ca2c60,0x0000000084500000)
 Metaspace       used 56687K, capacity 58964K, committed 59160K, reserved 1099776K
  class space    used 7748K, capacity 8193K, committed 8240K, reserved 1048576K
}

Deoptimization events (10 events):
Event: 9.503 Thread 0x0000000020373000 Uncommon trap: reason=unstable_if action=reinterpret pc=0x0000000002fc1b9c method=sun.nio.cs.UTF_8$Decoder.decodeArrayLoop(Ljava/nio/ByteBuffer;Ljava/nio/CharBuffer;)Ljava/nio/charset/CoderResult; @ 287
Event: 9.532 Thread 0x0000000020373000 Uncommon trap: reason=unstable_if action=reinterpret pc=0x000000000374dc78 method=com.sun.org.apache.xerces.internal.dom.DeferredDocumentImpl.clearChunkValue([[Ljava/lang/Object;II)Ljava/lang/String; @ 3
Event: 9.642 Thread 0x0000000020373000 Uncommon trap: reason=unstable_if action=reinterpret pc=0x000000000350e27c method=com.sun.org.apache.xerces.internal.dom.DeferredDocumentImpl.getChunkIndex([[III)I @ 3
Event: 9.643 Thread 0x0000000020373000 Uncommon trap: reason=unstable_if action=reinterpret pc=0x0000000003736bc4 method=com.sun.org.apache.xerces.internal.dom.DeferredDocumentImpl.getChunkIndex([[III)I @ 3
Event: 9.648 Thread 0x0000000020373000 Uncommon trap: reason=class_check action=maybe_recompile pc=0x0000000003d62e14 method=com.sun.org.apache.xerces.internal.dom.NamedNodeMapImpl.findNamePoint(Ljava/lang/String;I)I @ 54
Event: 9.648 Thread 0x0000000020373000 Uncommon trap: reason=class_check action=maybe_recompile pc=0x0000000003d62e14 method=com.sun.org.apache.xerces.internal.dom.NamedNodeMapImpl.findNamePoint(Ljava/lang/String;I)I @ 54
Event: 9.648 Thread 0x0000000020373000 Uncommon trap: reason=class_check action=maybe_recompile pc=0x0000000003d62e14 method=com.sun.org.apache.xerces.internal.dom.NamedNodeMapImpl.findNamePoint(Ljava/lang/String;I)I @ 54
Event: 9.648 Thread 0x0000000020373000 Uncommon trap: reason=class_check action=maybe_recompile pc=0x0000000003d62e14 method=com.sun.org.apache.xerces.internal.dom.NamedNodeMapImpl.findNamePoint(Ljava/lang/String;I)I @ 54
Event: 9.664 Thread 0x0000000020373000 Uncommon trap: reason=unstable_if action=reinterpret pc=0x0000000003d40098 method=com.sun.org.apache.xerces.internal.dom.ElementImpl.getAttributes()Lorg/w3c/dom/NamedNodeMap; @ 4
Event: 9.781 Thread 0x0000000020373000 Uncommon trap: reason=unstable_if action=reinterpret pc=0x0000000003db367c method=com.google.common.collect.LinkedListMultimap$NodeIterator.hasNext()Z @ 8

Classes redefined (0 events):
No events

Internal exceptions (10 events):
Event: 8.677 Thread 0x000000001ed92000 Exception <a 'java/lang/NoSuchMethodError': java.lang.Object.lambda$flatMap$2(Ljava/util/function/Function;Ljava/lang/Object;)Lorg/gradle/internal/Try;> (0x00000000db29e5f0) thrown at [C:\src\AOSP-openjdk-git\hotspot\src\share\vm\interpreter\linkResolver.
Event: 8.677 Thread 0x000000001ed98000 Exception <a 'java/lang/NoSuchMethodError': java.lang.Object.lambda$flatMap$2(Ljava/util/function/Function;Ljava/lang/Object;)Lorg/gradle/internal/Try;> (0x00000000db0e07b0) thrown at [C:\src\AOSP-openjdk-git\hotspot\src\share\vm\interpreter\linkResolver.
Event: 8.677 Thread 0x000000001ed96800 Exception <a 'java/lang/NoSuchMethodError': java.lang.Object.lambda$flatMap$2(Ljava/util/function/Function;Ljava/lang/Object;)Lorg/gradle/internal/Try;> (0x00000000db3e08b0) thrown at [C:\src\AOSP-openjdk-git\hotspot\src\share\vm\interpreter\linkResolver.
Event: 8.677 Thread 0x000000001ed91800 Exception <a 'java/lang/NoSuchMethodError': java.lang.Object.lambda$flatMap$2(Ljava/util/function/Function;Ljava/lang/Object;)Lorg/gradle/internal/Try;> (0x00000000daffc258) thrown at [C:\src\AOSP-openjdk-git\hotspot\src\share\vm\interpreter\linkResolver.
Event: 8.677 Thread 0x000000001ed90800 Exception <a 'java/lang/NoSuchMethodError': java.lang.Object.lambda$flatMap$2(Ljava/util/function/Function;Ljava/lang/Object;)Lorg/gradle/internal/Try;> (0x00000000db059090) thrown at [C:\src\AOSP-openjdk-git\hotspot\src\share\vm\interpreter\linkResolver.
Event: 9.101 Thread 0x0000000020373000 Exception <a 'java/lang/NoSuchMethodError': java.lang.Object.lambda$flatMap$0(Ljava/lang/Throwable;)Lorg/gradle/api/internal/artifacts/transform/CacheableInvocation;> (0x00000000dababb30) thrown at [C:\src\AOSP-openjdk-git\hotspot\src\share\vm\interpreter
Event: 9.532 Thread 0x0000000020373000 Implicit null exception at 0x000000000374dade to 0x000000000374dc61
Event: 9.642 Thread 0x0000000020373000 Implicit null exception at 0x000000000350e03f to 0x000000000350e25d
Event: 9.643 Thread 0x0000000020373000 Implicit null exception at 0x0000000003736b5a to 0x0000000003736bad
Event: 9.670 Thread 0x0000000020373000 Exception <a 'java/lang/NoSuchMethodError': java.lang.Object.lambda$codePoints$1()Ljava/util/Spliterator$OfInt;> (0x00000000dfb61d90) thrown at [C:\src\AOSP-openjdk-git\hotspot\src\share\vm\interpreter\linkResolver.cpp, line 620]

Events (10 events):
Event: 9.773 loading class com/google/common/collect/LinkedListMultimap$1ValuesImpl done
Event: 9.774 loading class com/google/common/collect/LinkedListMultimap$NodeIterator
Event: 9.774 loading class com/google/common/collect/LinkedListMultimap$NodeIterator done
Event: 9.775 loading class com/google/common/collect/LinkedListMultimap$1ValuesImpl$1
Event: 9.775 loading class com/google/common/collect/LinkedListMultimap$1ValuesImpl$1 done
Event: 9.775 loading class com/google/common/collect/TransformedListIterator
Event: 9.775 loading class com/google/common/collect/TransformedListIterator done
Event: 9.781 Thread 0x0000000020373000 Uncommon trap: trap_request=0xffffff65 fr.pc=0x0000000003db367c
Event: 9.781 Thread 0x0000000020373000 DEOPT PACKING pc=0x0000000003db367c sp=0x000000002c62b2e0
Event: 9.781 Thread 0x0000000020373000 DEOPT UNPACKING pc=0x00000000029e557b sp=0x000000002c62b230 mode 2


Dynamic libraries:
0x00007ff7aef40000 - 0x00007ff7aef71000 	C:\Program Files\Android\Android Studio\jre\bin\java.exe
0x00007ff88fe10000 - 0x00007ff890005000 	C:\WINDOWS\SYSTEM32\ntdll.dll
0x00007ff88f280000 - 0x00007ff88f33d000 	C:\WINDOWS\System32\KERNEL32.DLL
0x00007ff88d9f0000 - 0x00007ff88dcb9000 	C:\WINDOWS\System32\KERNELBASE.dll
0x00007ff88fb50000 - 0x00007ff88fbfc000 	C:\WINDOWS\System32\ADVAPI32.dll
0x00007ff88fc00000 - 0x00007ff88fc9e000 	C:\WINDOWS\System32\msvcrt.dll
0x00007ff88e810000 - 0x00007ff88e8ac000 	C:\WINDOWS\System32\sechost.dll
0x00007ff88fca0000 - 0x00007ff88fdcb000 	C:\WINDOWS\System32\RPCRT4.dll
0x00007ff88dfa0000 - 0x00007ff88e140000 	C:\WINDOWS\System32\USER32.dll
0x00007ff88dd20000 - 0x00007ff88dd42000 	C:\WINDOWS\System32\win32u.dll
0x00007ff88f250000 - 0x00007ff88f27a000 	C:\WINDOWS\System32\GDI32.dll
0x00007ff88d860000 - 0x00007ff88d96b000 	C:\WINDOWS\System32\gdi32full.dll
0x00007ff88ddd0000 - 0x00007ff88de6d000 	C:\WINDOWS\System32\msvcp_win.dll
0x00007ff88d6b0000 - 0x00007ff88d7b0000 	C:\WINDOWS\System32\ucrtbase.dll
0x00007ff873e20000 - 0x00007ff8740ba000 	C:\WINDOWS\WinSxS\amd64_microsoft.windows.common-controls_6595b64144ccf1df_6.0.19041.844_none_ca00b6081b84eb1d\COMCTL32.dll
0x00007ff88fb00000 - 0x00007ff88fb30000 	C:\WINDOWS\System32\IMM32.DLL
0x00000000541a0000 - 0x0000000054272000 	C:\Program Files\Android\Android Studio\jre\jre\bin\msvcr100.dll
0x0000000054360000 - 0x0000000054bab000 	C:\Program Files\Android\Android Studio\jre\jre\bin\server\jvm.dll
0x00007ff88e910000 - 0x00007ff88e918000 	C:\WINDOWS\System32\PSAPI.DLL
0x00007ff884ef0000 - 0x00007ff884ef9000 	C:\WINDOWS\SYSTEM32\WSOCK32.dll
0x00007ff86c3b0000 - 0x00007ff86c3d7000 	C:\WINDOWS\SYSTEM32\WINMM.dll
0x00007ff883d00000 - 0x00007ff883d0a000 	C:\WINDOWS\SYSTEM32\VERSION.dll
0x00007ff88e730000 - 0x00007ff88e79b000 	C:\WINDOWS\System32\WS2_32.dll
0x00007ff86c190000 - 0x00007ff86c19f000 	C:\Program Files\Android\Android Studio\jre\jre\bin\verify.dll
0x00007ff821180000 - 0x00007ff8211a9000 	C:\Program Files\Android\Android Studio\jre\jre\bin\java.dll
0x00007ff83fc00000 - 0x00007ff83fc16000 	C:\Program Files\Android\Android Studio\jre\jre\bin\zip.dll
0x00007ff88ea50000 - 0x00007ff88f192000 	C:\WINDOWS\System32\SHELL32.dll
0x00007ff88b690000 - 0x00007ff88be20000 	C:\WINDOWS\SYSTEM32\windows.storage.dll
0x00007ff88e140000 - 0x00007ff88e495000 	C:\WINDOWS\System32\combase.dll
0x00007ff88cfc0000 - 0x00007ff88cfec000 	C:\WINDOWS\SYSTEM32\Wldp.dll
0x00007ff88f840000 - 0x00007ff88f8ee000 	C:\WINDOWS\System32\SHCORE.dll
0x00007ff88e8b0000 - 0x00007ff88e905000 	C:\WINDOWS\System32\shlwapi.dll
0x00007ff88d490000 - 0x00007ff88d4af000 	C:\WINDOWS\SYSTEM32\profapi.dll
0x00007ff820cf0000 - 0x00007ff820d0a000 	C:\Program Files\Android\Android Studio\jre\jre\bin\net.dll
0x00007ff88cd40000 - 0x00007ff88cdaa000 	C:\WINDOWS\system32\mswsock.dll
0x00007ff820870000 - 0x00007ff820883000 	C:\Program Files\Android\Android Studio\jre\jre\bin\nio.dll
0x00007ff870b00000 - 0x00007ff870b27000 	C:\Users\Thuy\.gradle\native\f6784746aeab05261644944871eae4fe03e0ef1612fff0a4a95f87b438bc6780\windows-amd64\native-platform.dll
0x00007ff862450000 - 0x00007ff86245d000 	C:\Program Files\Android\Android Studio\jre\jre\bin\management.dll
0x00007ff88cf10000 - 0x00007ff88cf28000 	C:\WINDOWS\SYSTEM32\CRYPTSP.dll
0x00007ff88c670000 - 0x00007ff88c6a4000 	C:\WINDOWS\system32\rsaenh.dll
0x00007ff88d970000 - 0x00007ff88d997000 	C:\WINDOWS\System32\bcrypt.dll
0x00007ff88d450000 - 0x00007ff88d47e000 	C:\WINDOWS\SYSTEM32\USERENV.dll
0x00007ff88dd50000 - 0x00007ff88ddd0000 	C:\WINDOWS\System32\bcryptprimitives.dll
0x00007ff88cf30000 - 0x00007ff88cf3c000 	C:\WINDOWS\SYSTEM32\CRYPTBASE.dll
0x00007ff88c9e0000 - 0x00007ff88ca1b000 	C:\WINDOWS\SYSTEM32\IPHLPAPI.DLL
0x00007ff88de70000 - 0x00007ff88de78000 	C:\WINDOWS\System32\NSI.dll
0x00007ff881b90000 - 0x00007ff881ba7000 	C:\WINDOWS\SYSTEM32\dhcpcsvc6.DLL
0x00007ff8825c0000 - 0x00007ff8825dd000 	C:\WINDOWS\SYSTEM32\dhcpcsvc.DLL
0x00007ff88ca20000 - 0x00007ff88caeb000 	C:\WINDOWS\SYSTEM32\DNSAPI.dll
0x00007ff882aa0000 - 0x00007ff882aab000 	C:\WINDOWS\SYSTEM32\WINNSI.DLL

VM Arguments:
jvm_args: -Xmx2048m -Dfile.encoding=UTF-8 -Duser.country=US -Duser.language=en -Duser.variant 
java_command: org.gradle.launcher.daemon.bootstrap.GradleDaemon 6.5
java_class_path (initial): C:\Users\Thuy\.gradle\wrapper\dists\gradle-6.5-bin\6nifqtx7604sqp1q6g8wikw7p\gradle-6.5\lib\gradle-launcher-6.5.jar
Launcher Type: SUN_STANDARD

Environment Variables:
JAVA_HOME=C:\Program Files\Java\jdk-15.0.2
PATH=C:\Program Files (x86)\Common Files\Oracle\Java\javapath;C:\Windows\system32;C:\Windows;C:\Windows\System32\Wbem;C:\Windows\System32\WindowsPowerShell\v1.0\;C:\Windows\System32\OpenSSH\;C:\Program Files (x86)\NVIDIA Corporation\PhysX\Common;C:\Program Files\NVIDIA Corporation\NVIDIA NvDLISR;C:\Program Files\Git\cmd;C:\WINDOWS\system32;C:\WINDOWS;C:\WINDOWS\System32\Wbem;C:\WINDOWS\System32\WindowsPowerShell\v1.0\;C:\WINDOWS\System32\OpenSSH\;C:\Program Files\Java\jdk-15.0.2\bin;C:\Users\Thuy\AppData\Local\Microsoft\WindowsApps;;D:\Microsoft VS Code\bin
USERNAME=Thu Thuy
OS=Windows_NT
PROCESSOR_IDENTIFIER=Intel64 Family 6 Model 142 Stepping 10, GenuineIntel



---------------  S Y S T E M  ---------------

OS: Windows 10.0 , 64 bit Build 19041 (10.0.19041.804)

CPU:total 8 (initial active 8) (4 cores per cpu, 2 threads per core) family 6 model 142 stepping 10, cmov, cx8, fxsr, mmx, sse, sse2, sse3, ssse3, sse4.1, sse4.2, popcnt, avx, avx2, aes, clmul, erms, 3dnowpref, lzcnt, ht, tsc, tscinvbit, bmi1, bmi2, adx

Memory: 4k page, physical 8268368k(325252k free), swap 33434192k(5268k free)

vm_info: OpenJDK 64-Bit Server VM (25.242-b01) for windows-amd64 JRE (1.8.0_242-release-1644-b01), built by "builder" with MS VC++ 10.0 (VS2010)

time: Sun Mar 14 12:22:00 2021
timezone: SE Asia Standard Time
elapsed time: 9 seconds (0d 0h 0m 9s)

